2021-11-08 01:48:13 DEBUG Log file at: /home/zhujunhua/workspace/cangjie/utils/test-framework/test_temp/log/HLT/LLVM/JS_FFI/03_mod_object/nested_01/Mod_object_01.cj_cangjie2llvmgc_test_cfg.log
2021-11-08 01:48:13 DEBUG Work directory: /home/zhujunhua/workspace/cangjie/tests/HLT/temp_dir/HLT/LLVM/JS_FFI/03_mod_object/nested_01/Mod_object_01_cj_cangjie2llvmgc_test_cfg_1636335523
2021-11-08 01:48:13 DEBUG execute cmd ===>>>: cjc -ulimit-error Mod_object_01.cj -o Mod_object_01..out
2021-11-08 01:48:13 DEBUG return code: 1
2021-11-08 01:48:13 DEBUG stdout : 

2021-11-08 01:48:13 DEBUG stderr : 
@	/home/zhujunhua/workspace/cangjie/tests/HLT/temp_dir/HLT/LLVM/JS_FFI/03_mod_object/nested_01/Mod_object_01_cj_cangjie2llvmgc_test_cfg_1636335523/Mod_object_01.cj:16:23: [31merror[0m: native function can only have CType args.
@	   16 | foreign func isMoment(obj:B) : String
@	      |                       [32m^[0m
@	/home/zhujunhua/workspace/cangjie/tests/HLT/temp_dir/HLT/LLVM/JS_FFI/03_mod_object/nested_01/Mod_object_01_cj_cangjie2llvmgc_test_cfg_1636335523/Mod_object_01.cj:16:32: [31merror[0m: native function can only have CType return.
@	   16 | foreign func isMoment(obj:B) : String
@	      |                                [32m^[0m
@	2 errors generated

2021-11-08 01:48:13 DEBUG Run time: 0.4, remain time: 3e+02
2021-11-08 01:48:13 ERROR Failed, return code 1 should be 0!
 Log file at: /home/zhujunhua/workspace/cangjie/utils/test-framework/test_temp/log/HLT/LLVM/JS_FFI/03_mod_object/nested_01/Mod_object_01.cj_cangjie2llvmgc_test_cfg.log
