2021-11-08 02:07:22 DEBUG Log file at: /home/zhujunhua/workspace/cangjie/utils/test-framework/test_temp/log/HLT/LLVM/JS_FFI/02_mem_object/var_type_03/var_type_03.cj_cangjie2llvmgc_test_cfg.log
2021-11-08 02:07:22 DEBUG Work directory: /home/zhujunhua/workspace/cangjie/tests/HLT/temp_dir/HLT/LLVM/JS_FFI/02_mem_object/var_type_03/var_type_03_cj_cangjie2llvmgc_test_cfg_1636335532
2021-11-08 02:07:22 DEBUG execute cmd ===>>>: cjc -ulimit-error var_type_03.cj -o var_type_03..out
2021-11-08 02:07:23 DEBUG return code: 1
2021-11-08 02:07:23 DEBUG stdout : 

2021-11-08 02:07:23 DEBUG stderr : 
@	/home/zhujunhua/workspace/cangjie/tests/HLT/temp_dir/HLT/LLVM/JS_FFI/02_mem_object/var_type_03/var_type_03_cj_cangjie2llvmgc_test_cfg_1636335532/var_type_03.cj:17:23: [31merror[0m: native function can only have CType args.
@	   17 | foreign func isMoment(obj:Complex) : String
@	      |                       [32m^[0m
@	/home/zhujunhua/workspace/cangjie/tests/HLT/temp_dir/HLT/LLVM/JS_FFI/02_mem_object/var_type_03/var_type_03_cj_cangjie2llvmgc_test_cfg_1636335532/var_type_03.cj:17:38: [31merror[0m: native function can only have CType return.
@	   17 | foreign func isMoment(obj:Complex) : String
@	      |                                      [32m^[0m
@	/home/zhujunhua/workspace/cangjie/tests/HLT/temp_dir/HLT/LLVM/JS_FFI/02_mem_object/var_type_03/var_type_03_cj_cangjie2llvmgc_test_cfg_1636335532/var_type_03.cj:20:13: [31merror[0m: unsafe function or native function should be invoked in unsafe context.
@	   20 |   let res = isMoment(Complex(
@	      |             [32m^[0m
@	3 errors generated

2021-11-08 02:07:23 DEBUG Run time: 0.38, remain time: 3e+02
2021-11-08 02:07:23 ERROR Failed, return code 1 should be 0!
 Log file at: /home/zhujunhua/workspace/cangjie/utils/test-framework/test_temp/log/HLT/LLVM/JS_FFI/02_mem_object/var_type_03/var_type_03.cj_cangjie2llvmgc_test_cfg.log
