2021-11-08 01:39:32 DEBUG Log file at: /home/zhujunhua/workspace/cangjie/utils/test-framework/test_temp/log/HLT/LLVM/JS_FFI/05_jsRename/arg_ret_type_18/arg_ret_type_18.cj_cangjie2llvmgc_test_cfg.log
2021-11-08 01:39:32 DEBUG Work directory: /home/zhujunhua/workspace/cangjie/tests/HLT/temp_dir/HLT/LLVM/JS_FFI/05_jsRename/arg_ret_type_18/arg_ret_type_18_cj_cangjie2llvmgc_test_cfg_1636335517
2021-11-08 01:39:33 DEBUG execute cmd ===>>>: cjc -ulimit-error arg_ret_type_18.cj -o arg_ret_type_18..out
2021-11-08 01:39:33 DEBUG return code: 1
2021-11-08 01:39:33 DEBUG stdout : 

2021-11-08 01:39:33 DEBUG stderr : 
@	/home/zhujunhua/workspace/cangjie/tests/HLT/temp_dir/HLT/LLVM/JS_FFI/05_jsRename/arg_ret_type_18/arg_ret_type_18_cj_cangjie2llvmgc_test_cfg_1636335517/arg_ret_type_18.cj:10:19: [31merror[0m: expected ',' to separate or ')' to close
@	   10 |   if(argRetType18(#{4: "a"}) == #{4: "a"}){
@	      |                   [32m^[0m
@	/home/zhujunhua/workspace/cangjie/tests/HLT/temp_dir/HLT/LLVM/JS_FFI/05_jsRename/arg_ret_type_18/arg_ret_type_18_cj_cangjie2llvmgc_test_cfg_1636335517/arg_ret_type_18.cj:10:33: [31merror[0m: expected expression here
@	   10 |   if(argRetType18(#{4: "a"}) == #{4: "a"}){
@	      |                                 [32m^[0m
@	/home/zhujunhua/workspace/cangjie/tests/HLT/temp_dir/HLT/LLVM/JS_FFI/05_jsRename/arg_ret_type_18/arg_ret_type_18_cj_cangjie2llvmgc_test_cfg_1636335517/arg_ret_type_18.cj:10:33: [31merror[0m: missing ')' in if expression
@	   10 |   if(argRetType18(#{4: "a"}) == #{4: "a"}){
@	      |                                 [32m^[0m
@	/home/zhujunhua/workspace/cangjie/tests/HLT/temp_dir/HLT/LLVM/JS_FFI/05_jsRename/arg_ret_type_18/arg_ret_type_18_cj_cangjie2llvmgc_test_cfg_1636335517/arg_ret_type_18.cj:10:33: [33mnote[0m: to match this '('
@	   10 |   if(argRetType18(#{4: "a"}) == #{4: "a"}){
@	      |                                 [32m^[0m
@	/home/zhujunhua/workspace/cangjie/tests/HLT/temp_dir/HLT/LLVM/JS_FFI/05_jsRename/arg_ret_type_18/arg_ret_type_18_cj_cangjie2llvmgc_test_cfg_1636335517/arg_ret_type_18.cj:10:42: [31merror[0m: Unmatched ')' found
@	   10 |   if(argRetType18(#{4: "a"}) == #{4: "a"}){
@	      |                                          [32m^[0m
@	/home/zhujunhua/workspace/cangjie/tests/HLT/temp_dir/HLT/LLVM/JS_FFI/05_jsRename/arg_ret_type_18/arg_ret_type_18_cj_cangjie2llvmgc_test_cfg_1636335517/arg_ret_type_18.cj:7:32: [31merror[0m: undeclared type name 'Map'
@	    7 | foreign func argRetType18(arg: Map<Int64, String>) : Map<Int64, String>
@	      |                                [32m^[0m
@	/home/zhujunhua/workspace/cangjie/tests/HLT/temp_dir/HLT/LLVM/JS_FFI/05_jsRename/arg_ret_type_18/arg_ret_type_18_cj_cangjie2llvmgc_test_cfg_1636335517/arg_ret_type_18.cj:7:54: [31merror[0m: undeclared type name 'Map'
@	    7 | foreign func argRetType18(arg: Map<Int64, String>) : Map<Int64, String>
@	      |                                                      [32m^[0m
@	/home/zhujunhua/workspace/cangjie/tests/HLT/temp_dir/HLT/LLVM/JS_FFI/05_jsRename/arg_ret_type_18/arg_ret_type_18_cj_cangjie2llvmgc_test_cfg_1636335517/arg_ret_type_18.cj:10:6: [31merror[0m: no matching function declaration for function call 'argRetType18'
@	   10 |   if(argRetType18(#{4: "a"}) == #{4: "a"}){
@	      |      [32m^[0m
@	/home/zhujunhua/workspace/cangjie/tests/HLT/temp_dir/HLT/LLVM/JS_FFI/05_jsRename/arg_ret_type_18/arg_ret_type_18_cj_cangjie2llvmgc_test_cfg_1636335517/arg_ret_type_18.cj:10:6: [31merror[0m: expected an expression of type 'Bool', but got 'Invalid'
@	   10 |   if(argRetType18(#{4: "a"}) == #{4: "a"}){
@	      |      [32m^[0m
@	8 errors generated

2021-11-08 01:39:33 DEBUG Run time: 0.34, remain time: 3e+02
2021-11-08 01:39:33 ERROR Failed, return code 1 should be 0!
 Log file at: /home/zhujunhua/workspace/cangjie/utils/test-framework/test_temp/log/HLT/LLVM/JS_FFI/05_jsRename/arg_ret_type_18/arg_ret_type_18.cj_cangjie2llvmgc_test_cfg.log
