2021-10-23 06:20:58 DEBUG Log file at: /home/zhujunhua/workspace/cangjie/utils/test-framework/test_temp/log/HLT/LLVM/DFX/class_this_no_var.cj_cangjie2llvmgc_test_cfg.log
2021-10-23 06:20:58 DEBUG Work directory: /home/zhujunhua/workspace/cangjie/tests/HLT/temp_dir/HLT/LLVM/DFX/class_this_no_var_cj_cangjie2llvmgc_test_cfg_1634968660
2021-10-23 06:20:58 DEBUG execute cmd ===>>>: cjc -ulimit-error class_this_no_var.cj -o class_this_no_var.out
2021-10-23 06:20:58 DEBUG return code: 1
2021-10-23 06:20:58 DEBUG stdout : 

2021-10-23 06:20:58 DEBUG stderr : 
@	/home/zhujunhua/workspace/cangjie/tests/HLT/temp_dir/HLT/LLVM/DFX/class_this_no_var_cj_cangjie2llvmgc_test_cfg_1634968660/class_this_no_var.cj:14:5: [31merror[0m: the uninitialized member variable 'b' is not initialized in the constructor of class or record
@	   14 |     var b: Int32
@	      |     [32m^[0m
@	/home/zhujunhua/workspace/cangjie/tests/HLT/temp_dir/HLT/LLVM/DFX/class_this_no_var_cj_cangjie2llvmgc_test_cfg_1634968660/class_this_no_var.cj:16:16: [31merror[0m: 'a' is not allowed to be accessed before all member variables are initialized
@	   16 |         return this.a 
@	      |                [32m^[0m
@	2 errors generated

2021-10-23 06:20:58 DEBUG Run time: 0.36, remain time: 3e+02
2021-10-23 06:20:58 ERROR Failed, return code 1 should be 0!
 Log file at: /home/zhujunhua/workspace/cangjie/utils/test-framework/test_temp/log/HLT/LLVM/DFX/class_this_no_var.cj_cangjie2llvmgc_test_cfg.log
