2021-10-23 06:07:28 DEBUG Log file at: /home/zhujunhua/workspace/cangjie/utils/test-framework/test_temp/log/HLT/LLVM/DFX/generic_depends_01.cj_cangjie2llvmgc_test_cfg.log
2021-10-23 06:07:28 DEBUG Work directory: /home/zhujunhua/workspace/cangjie/tests/HLT/temp_dir/HLT/LLVM/DFX/generic_depends_01_cj_cangjie2llvmgc_test_cfg_1634968652
2021-10-23 06:07:28 DEBUG execute cmd ===>>>: cjc -ulimit-error generic_depends_01.cj -o generic_depends_01.out
2021-10-23 06:07:28 DEBUG return code: 1
2021-10-23 06:07:28 DEBUG stdout : 

2021-10-23 06:07:28 DEBUG stderr : 
@	/home/zhujunhua/workspace/cangjie/tests/HLT/temp_dir/HLT/LLVM/DFX/generic_depends_01_cj_cangjie2llvmgc_test_cfg_1634968652/generic_depends_01.cj:23:1: [31merror[0m: illegal object in toplevel, toplevel must consist of declaration or definition
@	   23 | trait Color{
@	      | [32m^[0m
@	/home/zhujunhua/workspace/cangjie/tests/HLT/temp_dir/HLT/LLVM/DFX/generic_depends_01_cj_cangjie2llvmgc_test_cfg_1634968652/generic_depends_01.cj:38:1: [31merror[0m: illegal object in toplevel, toplevel must consist of declaration or definition
@	   38 | append<U1,U2,U3> Student<U1,U2,U3> with Num<U1,U2,U3> where U1<:Day , U2<:Day , U3<:Day {
@	      | [32m^[0m
@	/home/zhujunhua/workspace/cangjie/tests/HLT/temp_dir/HLT/LLVM/DFX/generic_depends_01_cj_cangjie2llvmgc_test_cfg_1634968652/generic_depends_01.cj:12:9: [31merror[0m: there is no non-parameter constructor in super class, please invoke super call explicitly
@	   12 |         init(x: Int32){
@	      |         [32m^[0m
@	/home/zhujunhua/workspace/cangjie/tests/HLT/temp_dir/HLT/LLVM/DFX/generic_depends_01_cj_cangjie2llvmgc_test_cfg_1634968652/generic_depends_01.cj:18:5: [31merror[0m: there is no non-parameter constructor in super class, please invoke super call explicitly
@	   18 |     init(x: Int32){
@	      |     [32m^[0m
@	/home/zhujunhua/workspace/cangjie/tests/HLT/temp_dir/HLT/LLVM/DFX/generic_depends_01_cj_cangjie2llvmgc_test_cfg_1634968652/generic_depends_01.cj:11:9: [31merror[0m: the variable 'd' must not shadow a member variable of the supertype
@	   11 |         var d: Int32
@	      |         [32m^[0m
@	/home/zhujunhua/workspace/cangjie/tests/HLT/temp_dir/HLT/LLVM/DFX/generic_depends_01_cj_cangjie2llvmgc_test_cfg_1634968652/generic_depends_01.cj:17:5: [31merror[0m: the variable 'd' must not shadow a member variable of the supertype
@	   17 |     var d: Int32
@	      |     [32m^[0m
@	/home/zhujunhua/workspace/cangjie/tests/HLT/temp_dir/HLT/LLVM/DFX/generic_depends_01_cj_cangjie2llvmgc_test_cfg_1634968652/generic_depends_01.cj:48:19: [31merror[0m: undeclared identifier 'chooseOne'
@	   48 |     let x: Day  = chooseOne(v1,v2,v3,v4)
@	      |                   [32m^[0m
@	/home/zhujunhua/workspace/cangjie/tests/HLT/temp_dir/HLT/LLVM/DFX/generic_depends_01_cj_cangjie2llvmgc_test_cfg_1634968652/generic_depends_01.cj:48:19: [31merror[0m: undeclared identifier 'chooseOne'
@	   48 |     let x: Day  = chooseOne(v1,v2,v3,v4)
@	      |                   [32m^[0m
@	/home/zhujunhua/workspace/cangjie/tests/HLT/temp_dir/HLT/LLVM/DFX/generic_depends_01_cj_cangjie2llvmgc_test_cfg_1634968652/generic_depends_01.cj:48:12: [31merror[0m: initializer's type is incompatible with variable declaration 'x' 
@	   48 |     let x: Day  = chooseOne(v1,v2,v3,v4)
@	      |            [32m^[0m
@	/home/zhujunhua/workspace/cangjie/tests/HLT/temp_dir/HLT/LLVM/DFX/generic_depends_01_cj_cangjie2llvmgc_test_cfg_1634968652/generic_depends_01.cj:49:19: [31merror[0m: undeclared identifier 'chooseOne'
@	   49 |     let y: Day  = chooseOne(v1_2,v2,v3,v4)
@	      |                   [32m^[0m
@	/home/zhujunhua/workspace/cangjie/tests/HLT/temp_dir/HLT/LLVM/DFX/generic_depends_01_cj_cangjie2llvmgc_test_cfg_1634968652/generic_depends_01.cj:49:19: [31merror[0m: undeclared identifier 'chooseOne'
@	   49 |     let y: Day  = chooseOne(v1_2,v2,v3,v4)
@	      |                   [32m^[0m
@	/home/zhujunhua/workspace/cangjie/tests/HLT/temp_dir/HLT/LLVM/DFX/generic_depends_01_cj_cangjie2llvmgc_test_cfg_1634968652/generic_depends_01.cj:49:12: [31merror[0m: initializer's type is incompatible with variable declaration 'y' 
@	   49 |     let y: Day  = chooseOne(v1_2,v2,v3,v4)
@	      |            [32m^[0m
@	12 errors generated

2021-10-23 06:07:28 DEBUG Run time: 0.42, remain time: 3e+02
2021-10-23 06:07:28 ERROR Failed, return code 1 should be 0!
 Log file at: /home/zhujunhua/workspace/cangjie/utils/test-framework/test_temp/log/HLT/LLVM/DFX/generic_depends_01.cj_cangjie2llvmgc_test_cfg.log
