2021-11-08 02:32:24 DEBUG Log file at: /home/zhujunhua/workspace/cangjie/utils/test-framework/test_temp/log/HLT/API/IO/IO_BufferStream_05_canSeek_n.cj_cangjie2llvmgc_test_cfg.log
2021-11-08 02:32:24 DEBUG Work directory: /home/zhujunhua/workspace/cangjie/tests/HLT/temp_dir/HLT/API/IO/IO_BufferStream_05_canSeek_n_cj_cangjie2llvmgc_test_cfg_1636338474
2021-11-08 02:32:24 DEBUG execute cmd ===>>>: cjc -backend llvm IO_BufferStream_05_canSeek_n.cj caserunner.cj -o IO_BufferStream_05_canSeek_n.out
2021-11-08 02:32:27 DEBUG return code: 0
2021-11-08 02:32:27 DEBUG stdout : 

2021-11-08 02:32:27 DEBUG stderr : 
@	/home/zhujunhua/workspace/cangjie/tests/HLT/temp_dir/HLT/API/IO/IO_BufferStream_05_canSeek_n_cj_cangjie2llvmgc_test_cfg_1636338474/caserunner.cj:33:5: [33mwarning[0m: unhandled items after throw expr
@	   33 |     }
@	      |     [32m^[0m
@	/home/zhujunhua/workspace/cangjie/tests/HLT/temp_dir/HLT/API/IO/IO_BufferStream_05_canSeek_n_cj_cangjie2llvmgc_test_cfg_1636338474/caserunner.cj:186:19: [33mwarning[0m: 'x' has been defined in the outside of match expression, are you sure using 'x' as a variable pattern here?
@	  186 |         case Some(x) => x
@	      |                   [32m^[0m
@	2 warnings generated

2021-11-08 02:32:27 DEBUG Run time: 2.6, remain time: 3e+02
2021-11-08 02:32:27 DEBUG execute cmd ===>>>:   IO_BufferStream_05_canSeek_n.out  |  /usr/bin/python3 /home/zhujunhua/workspace/cangjie/utils/test-framework/maple_test/compare.py --comment=// IO_BufferStream_05_canSeek_n.cj
2021-11-08 02:32:27 DEBUG return code: 1
2021-11-08 02:32:27 DEBUG stdout : 
+	compare.py input:
+		==============Test Case BufferStream‰∏çËÉΩSeek Start==============
+		-------------Test Result------------------------------
+		PASS: 1
+		FAIL: 0
+		TOTAL: 1
+		==============Test End=================================
+		
+		==============Test Case BufferStreamËÉΩSeek Start==============
+		AssertionError: test failed at 1 
+		-------------Test Result------------------------------
+		PASS: 1
+		FAIL: 1
+		TOTAL: 2
+		==============Test End=================================
+		
+	
+	compare.py input end
+	
+	Starting Compare:
+	b"It's a assert, flag: scan-not, pattern: AssertionError , result: False, matched at output line: 0"
+	Match End!, Compare Failed

2021-11-08 02:32:27 DEBUG stderr : 

2021-11-08 02:32:27 DEBUG Run time: 0.1, remain time: 3e+02
2021-11-08 02:32:27 ERROR Failed, return code 1 should be 0!
 Log file at: /home/zhujunhua/workspace/cangjie/utils/test-framework/test_temp/log/HLT/API/IO/IO_BufferStream_05_canSeek_n.cj_cangjie2llvmgc_test_cfg.log
