2021-11-08 02:31:26 DEBUG Log file at: /home/zhujunhua/workspace/cangjie/utils/test-framework/test_temp/log/HLT/LLVM/Generics/OperatorOverloading/InsideType/insidetype_008/inside_type_08063.cj_cangjie2llvmgc_test_cfg.log
2021-11-08 02:31:26 DEBUG Work directory: /home/zhujunhua/workspace/cangjie/tests/HLT/temp_dir/HLT/LLVM/Generics/OperatorOverloading/InsideType/insidetype_008/inside_type_08063_cj_cangjie2llvmgc_test_cfg_1636338473
2021-11-08 02:31:26 DEBUG execute cmd ===>>>: cjc -ulimit-error inside_type_08063.cj -o inside_type_08063.out
2021-11-08 02:31:27 DEBUG return code: 1
2021-11-08 02:31:27 DEBUG stdout : 

2021-11-08 02:31:27 DEBUG stderr : 
@	/home/zhujunhua/workspace/cangjie/tests/HLT/temp_dir/HLT/LLVM/Generics/OperatorOverloading/InsideType/insidetype_008/inside_type_08063_cj_cangjie2llvmgc_test_cfg_1636338473/inside_type_08063.cj:16:1: [31merror[0m: class 'A_B' missing abstract modifier or abstract function '!=' should be implemented
@	   16 | class A_B<T> <: A<T>{
@	      | [32m^[0m
@	/home/zhujunhua/workspace/cangjie/tests/HLT/temp_dir/HLT/LLVM/Generics/OperatorOverloading/InsideType/insidetype_008/inside_type_08063_cj_cangjie2llvmgc_test_cfg_1636338473/inside_type_08063.cj:13:14: [33mnote[0m: unimplemented abstract function
@	   13 |     operator func != (b:A<T>): Bool
@	      |              [32m^[0m
@	/home/zhujunhua/workspace/cangjie/tests/HLT/temp_dir/HLT/LLVM/Generics/OperatorOverloading/InsideType/insidetype_008/inside_type_08063_cj_cangjie2llvmgc_test_cfg_1636338473/inside_type_08063.cj:16:1: [31merror[0m: class 'A_B' missing abstract modifier or abstract function '==' should be implemented
@	   16 | class A_B<T> <: A<T>{
@	      | [32m^[0m
@	/home/zhujunhua/workspace/cangjie/tests/HLT/temp_dir/HLT/LLVM/Generics/OperatorOverloading/InsideType/insidetype_008/inside_type_08063_cj_cangjie2llvmgc_test_cfg_1636338473/inside_type_08063.cj:11:14: [33mnote[0m: unimplemented abstract function
@	   11 |     operator func == (b:A<T>): Bool
@	      |              [32m^[0m
@	2 errors generated

2021-11-08 02:31:27 DEBUG Run time: 0.39, remain time: 3e+02
2021-11-08 02:31:27 ERROR Failed, return code 1 should be 0!
 Log file at: /home/zhujunhua/workspace/cangjie/utils/test-framework/test_temp/log/HLT/LLVM/Generics/OperatorOverloading/InsideType/insidetype_008/inside_type_08063.cj_cangjie2llvmgc_test_cfg.log
