2021-10-25 04:05:42 DEBUG Log file at: /home/zhujunhua/workspace/cangjie/utils/test-framework/test_temp/log/HLT/LLVM/TypesAndVariables/CompositeType/ArrayList/arraylist004/arraylist_00421.cj_cangjie2llvmgc_test_cfg.log
2021-10-25 04:05:42 DEBUG Work directory: /home/zhujunhua/workspace/cangjie/tests/HLT/temp_dir/HLT/LLVM/TypesAndVariables/CompositeType/ArrayList/arraylist004/arraylist_00421_cj_cangjie2llvmgc_test_cfg_1635134622
2021-10-25 04:05:42 DEBUG execute cmd ===>>>: cjc -ulimit-error arraylist_00421.cj -o arraylist_00421.out
2021-10-25 04:05:42 DEBUG return code: 1
2021-10-25 04:05:42 DEBUG stdout : 

2021-10-25 04:05:42 DEBUG stderr : 
@	/home/zhujunhua/workspace/cangjie/tests/HLT/temp_dir/HLT/LLVM/TypesAndVariables/CompositeType/ArrayList/arraylist004/arraylist_00421_cj_cangjie2llvmgc_test_cfg_1635134622/arraylist_00421.cj:6:9: [31merror[0m: 'subList' is not a member of class 'ArrayList'
@	    6 |     a = a.subList(1,8)
@	      |         [32m^[0m
@	/home/zhujunhua/workspace/cangjie/tests/HLT/temp_dir/HLT/LLVM/TypesAndVariables/CompositeType/ArrayList/arraylist004/arraylist_00421_cj_cangjie2llvmgc_test_cfg_1635134622/arraylist_00421.cj:6:5: [31merror[0m: type incompatible in this assignment
@	    6 |     a = a.subList(1,8)
@	      |     [32m^[0m
@	2 errors generated

2021-10-25 04:05:42 DEBUG Run time: 0.42, remain time: 3e+02
2021-10-25 04:05:42 ERROR Failed, return code 1 should be 0!
 Log file at: /home/zhujunhua/workspace/cangjie/utils/test-framework/test_temp/log/HLT/LLVM/TypesAndVariables/CompositeType/ArrayList/arraylist004/arraylist_00421.cj_cangjie2llvmgc_test_cfg.log
