2021-10-25 04:09:55 DEBUG Log file at: /home/zhujunhua/workspace/cangjie/utils/test-framework/test_temp/log/HLT/LLVM/TypesAndVariables/CompositeType/ArrayList/arraylist004/arraylist_00420.cj_cangjie2llvmgc_test_cfg.log
2021-10-25 04:09:55 DEBUG Work directory: /home/zhujunhua/workspace/cangjie/tests/HLT/temp_dir/HLT/LLVM/TypesAndVariables/CompositeType/ArrayList/arraylist004/arraylist_00420_cj_cangjie2llvmgc_test_cfg_1635134624
2021-10-25 04:09:55 DEBUG execute cmd ===>>>: cjc -ulimit-error arraylist_00420.cj -o arraylist_00420.out 2>&1 1>/dev/null 
2021-10-25 04:09:56 DEBUG return code: 1
2021-10-25 04:09:56 DEBUG stdout : 
+	/home/zhujunhua/workspace/cangjie/tests/HLT/temp_dir/HLT/LLVM/TypesAndVariables/CompositeType/ArrayList/arraylist004/arraylist_00420_cj_cangjie2llvmgc_test_cfg_1635134624/arraylist_00420.cj:7:5: [31merror[0m: 'subList' is not a member of class 'ArrayList'
+	    7 | a = a.subList(11,12) // EXPECTED: regex xxx
+	      |     [32m^[0m
+	/home/zhujunhua/workspace/cangjie/tests/HLT/temp_dir/HLT/LLVM/TypesAndVariables/CompositeType/ArrayList/arraylist004/arraylist_00420_cj_cangjie2llvmgc_test_cfg_1635134624/arraylist_00420.cj:7:1: [31merror[0m: type incompatible in this assignment
+	    7 | a = a.subList(11,12) // EXPECTED: regex xxx
+	      | [32m^[0m
+	2 errors generated

2021-10-25 04:09:56 DEBUG stderr : 

2021-10-25 04:09:56 DEBUG Run time: 0.89, remain time: 3e+02
2021-10-25 04:09:56 DEBUG execute cmd ===>>>:   /usr/bin/python3 /home/zhujunhua/workspace/cangjie/utils/test-framework/maple_test/compare.py --comment=// arraylist_00420.cj
2021-10-25 04:09:56 DEBUG return code: 1
2021-10-25 04:09:56 DEBUG stdout : 
+	compare.py input:
+		/home/zhujunhua/workspace/cangjie/tests/HLT/temp_dir/HLT/LLVM/TypesAndVariables/CompositeType/ArrayList/arraylist004/arraylist_00420_cj_cangjie2llvmgc_test_cfg_1635134624/arraylist_00420.cj:7:5: [31merror[0m: 'subList' is not a member of class 'ArrayList'
+		    7 | a = a.subList(11,12) // EXPECTED: regex xxx
+		      |     [32m^[0m
+		/home/zhujunhua/workspace/cangjie/tests/HLT/temp_dir/HLT/LLVM/TypesAndVariables/CompositeType/ArrayList/arraylist004/arraylist_00420_cj_cangjie2llvmgc_test_cfg_1635134624/arraylist_00420.cj:7:1: [31merror[0m: type incompatible in this assignment
+		    7 | a = a.subList(11,12) // EXPECTED: regex xxx
+		      | [32m^[0m
+		2 errors generated
+	
+	compare.py input end
+	
+	Starting Compare:
+	b"It's a assert, flag: scan-not, pattern: core dumped , result: True, matched at output line: 0"
+	b"It's a assert, flag: scan-not, pattern: stack trace , result: True, matched at output line: 1"
+	b'flag: regex, pattern: \\:7\\:.*\\:.*xxx , result: False, matched at output line: 1'
+	Match End!, Compare Failed

2021-10-25 04:09:56 DEBUG stderr : 

2021-10-25 04:09:56 DEBUG Run time: 0.23, remain time: 3e+02
2021-10-25 04:09:56 ERROR Failed, return code 1 should be 0!
 Log file at: /home/zhujunhua/workspace/cangjie/utils/test-framework/test_temp/log/HLT/LLVM/TypesAndVariables/CompositeType/ArrayList/arraylist004/arraylist_00420.cj_cangjie2llvmgc_test_cfg.log
