2021-10-25 04:04:32 DEBUG Log file at: /home/zhujunhua/workspace/cangjie/utils/test-framework/test_temp/log/HLT/LLVM/TypesAndVariables/CompositeType/ArrayList/arraylist004/arraylist_00425.cj_cangjie2llvmgc_test_cfg.log
2021-10-25 04:04:32 DEBUG Work directory: /home/zhujunhua/workspace/cangjie/tests/HLT/temp_dir/HLT/LLVM/TypesAndVariables/CompositeType/ArrayList/arraylist004/arraylist_00425_cj_cangjie2llvmgc_test_cfg_1635134622
2021-10-25 04:04:32 DEBUG execute cmd ===>>>: cjc -ulimit-error arraylist_00425.cj -o arraylist_00425.out
2021-10-25 04:04:33 DEBUG return code: 1
2021-10-25 04:04:33 DEBUG stdout : 

2021-10-25 04:04:33 DEBUG stderr : 
@	/home/zhujunhua/workspace/cangjie/tests/HLT/temp_dir/HLT/LLVM/TypesAndVariables/CompositeType/ArrayList/arraylist004/arraylist_00425_cj_cangjie2llvmgc_test_cfg_1635134622/arraylist_00425.cj:6:9: [31merror[0m: 'subList' is not a member of class 'ArrayList'
@	    6 |     a = a.subList(0,9223372036854775806) // 1 << 63 - 2
@	      |         [32m^[0m
@	/home/zhujunhua/workspace/cangjie/tests/HLT/temp_dir/HLT/LLVM/TypesAndVariables/CompositeType/ArrayList/arraylist004/arraylist_00425_cj_cangjie2llvmgc_test_cfg_1635134622/arraylist_00425.cj:6:5: [31merror[0m: type incompatible in this assignment
@	    6 |     a = a.subList(0,9223372036854775806) // 1 << 63 - 2
@	      |     [32m^[0m
@	2 errors generated

2021-10-25 04:04:33 DEBUG Run time: 0.41, remain time: 3e+02
2021-10-25 04:04:33 ERROR Failed, return code 1 should be 0!
 Log file at: /home/zhujunhua/workspace/cangjie/utils/test-framework/test_temp/log/HLT/LLVM/TypesAndVariables/CompositeType/ArrayList/arraylist004/arraylist_00425.cj_cangjie2llvmgc_test_cfg.log
