2021-11-08 01:39:43 DEBUG Log file at: /home/zhujunhua/workspace/cangjie/utils/test-framework/test_temp/log/HLT/LLVM/JS_FFI/02_mem_object/var_type_10/var_type_10.cj_cangjie2llvmgc_test_cfg.log
2021-11-08 01:39:43 DEBUG Work directory: /home/zhujunhua/workspace/cangjie/tests/HLT/temp_dir/HLT/LLVM/JS_FFI/02_mem_object/var_type_10/var_type_10_cj_cangjie2llvmgc_test_cfg_1636335517
2021-11-08 01:39:43 DEBUG execute cmd ===>>>: cjc -ulimit-error var_type_10.cj -o var_type_10..out
2021-11-08 01:39:43 DEBUG return code: 1
2021-11-08 01:39:43 DEBUG stdout : 

2021-11-08 01:39:43 DEBUG stderr : 
@	/home/zhujunhua/workspace/cangjie/tests/HLT/temp_dir/HLT/LLVM/JS_FFI/02_mem_object/var_type_10/var_type_10_cj_cangjie2llvmgc_test_cfg_1636335517/var_type_10.cj:23:23: [31merror[0m: native function can only have CType args.
@	   23 | foreign func isMoment(obj:Complex) : Float64*Int64
@	      |                       [32m^[0m
@	/home/zhujunhua/workspace/cangjie/tests/HLT/temp_dir/HLT/LLVM/JS_FFI/02_mem_object/var_type_10/var_type_10_cj_cangjie2llvmgc_test_cfg_1636335517/var_type_10.cj:23:38: [31merror[0m: native function can only have CType return.
@	   23 | foreign func isMoment(obj:Complex) : Float64*Int64
@	      |                                      [32m^[0m
@	/home/zhujunhua/workspace/cangjie/tests/HLT/temp_dir/HLT/LLVM/JS_FFI/02_mem_object/var_type_10/var_type_10_cj_cangjie2llvmgc_test_cfg_1636335517/var_type_10.cj:31:15: [31merror[0m: unsafe function or native function should be invoked in unsafe context.
@	   31 |     let res = isMoment(Complex(
@	      |               [32m^[0m
@	3 errors generated

2021-11-08 01:39:43 DEBUG Run time: 0.36, remain time: 3e+02
2021-11-08 01:39:43 ERROR Failed, return code 1 should be 0!
 Log file at: /home/zhujunhua/workspace/cangjie/utils/test-framework/test_temp/log/HLT/LLVM/JS_FFI/02_mem_object/var_type_10/var_type_10.cj_cangjie2llvmgc_test_cfg.log
