2021-11-08 01:47:04 DEBUG Log file at: /home/zhujunhua/workspace/cangjie/utils/test-framework/test_temp/log/HLT/LLVM/JS_FFI/05_jsRename/nested_01/nested_01.cj_cangjie2llvmgc_test_cfg.log
2021-11-08 01:47:04 DEBUG Work directory: /home/zhujunhua/workspace/cangjie/tests/HLT/temp_dir/HLT/LLVM/JS_FFI/05_jsRename/nested_01/nested_01_cj_cangjie2llvmgc_test_cfg_1636335522
2021-11-08 01:47:04 DEBUG execute cmd ===>>>: cjc -ulimit-error nested_01.cj -o nested_01..out
2021-11-08 01:47:04 DEBUG return code: 1
2021-11-08 01:47:04 DEBUG stdout : 

2021-11-08 01:47:04 DEBUG stderr : 
@	/home/zhujunhua/workspace/cangjie/tests/HLT/temp_dir/HLT/LLVM/JS_FFI/05_jsRename/nested_01/nested_01_cj_cangjie2llvmgc_test_cfg_1636335522/nested_01.cj:27:23: [31merror[0m: native function can only have CType args.
@	   27 | foreign func nested01(obj:B) : String
@	      |                       [32m^[0m
@	/home/zhujunhua/workspace/cangjie/tests/HLT/temp_dir/HLT/LLVM/JS_FFI/05_jsRename/nested_01/nested_01_cj_cangjie2llvmgc_test_cfg_1636335522/nested_01.cj:27:32: [31merror[0m: native function can only have CType return.
@	   27 | foreign func nested01(obj:B) : String
@	      |                                [32m^[0m
@	2 errors generated

2021-11-08 01:47:04 DEBUG Run time: 0.4, remain time: 3e+02
2021-11-08 01:47:04 ERROR Failed, return code 1 should be 0!
 Log file at: /home/zhujunhua/workspace/cangjie/utils/test-framework/test_temp/log/HLT/LLVM/JS_FFI/05_jsRename/nested_01/nested_01.cj_cangjie2llvmgc_test_cfg.log
