2021-11-08 02:08:10 DEBUG Log file at: /home/zhujunhua/workspace/cangjie/utils/test-framework/test_temp/log/HLT/LLVM/JS_FFI/0501_jsRename/class_rename_04/class_rename_04.cj_cangjie2llvmgc_test_cfg.log
2021-11-08 02:08:10 DEBUG Work directory: /home/zhujunhua/workspace/cangjie/tests/HLT/temp_dir/HLT/LLVM/JS_FFI/0501_jsRename/class_rename_04/class_rename_04_cj_cangjie2llvmgc_test_cfg_1636335533
2021-11-08 02:08:10 DEBUG execute cmd ===>>>: cjc -ulimit-error class_rename_04.cj -o class_rename_04..out
2021-11-08 02:08:11 DEBUG return code: 1
2021-11-08 02:08:11 DEBUG stdout : 

2021-11-08 02:08:11 DEBUG stderr : 
@	/home/zhujunhua/workspace/cangjie/tests/HLT/temp_dir/HLT/LLVM/JS_FFI/0501_jsRename/class_rename_04/class_rename_04_cj_cangjie2llvmgc_test_cfg_1636335533/class_rename_04.cj:6:1: [31merror[0m: unexpected class declaration
@	    6 | foreign class B {
@	      | [32m^[0m
@	/home/zhujunhua/workspace/cangjie/tests/HLT/temp_dir/HLT/LLVM/JS_FFI/0501_jsRename/class_rename_04/class_rename_04_cj_cangjie2llvmgc_test_cfg_1636335533/class_rename_04.cj:7:17: [31merror[0m: native function can only have CType args.
@	    7 |     func equals(numA:B):Bool
@	      |                 [32m^[0m
@	/home/zhujunhua/workspace/cangjie/tests/HLT/temp_dir/HLT/LLVM/JS_FFI/0501_jsRename/class_rename_04/class_rename_04_cj_cangjie2llvmgc_test_cfg_1636335533/class_rename_04.cj:11:26: [31merror[0m: native function can only have CType return.
@	   11 | foreign func isMoment(): B
@	      |                          [32m^[0m
@	/home/zhujunhua/workspace/cangjie/tests/HLT/temp_dir/HLT/LLVM/JS_FFI/0501_jsRename/class_rename_04/class_rename_04_cj_cangjie2llvmgc_test_cfg_1636335533/class_rename_04.cj:14:7: [31merror[0m: unsafe function or native function should be invoked in unsafe context.
@	   14 | 	  if(isMoment().equals(isMoment())) {
@	      |       [32m^[0m
@	/home/zhujunhua/workspace/cangjie/tests/HLT/temp_dir/HLT/LLVM/JS_FFI/0501_jsRename/class_rename_04/class_rename_04_cj_cangjie2llvmgc_test_cfg_1636335533/class_rename_04.cj:14:25: [31merror[0m: unsafe function or native function should be invoked in unsafe context.
@	   14 | 	  if(isMoment().equals(isMoment())) {
@	      |                         [32m^[0m
@	/home/zhujunhua/workspace/cangjie/tests/HLT/temp_dir/HLT/LLVM/JS_FFI/0501_jsRename/class_rename_04/class_rename_04_cj_cangjie2llvmgc_test_cfg_1636335533/class_rename_04.cj:14:7: [31merror[0m: unsafe function or native function should be invoked in unsafe context.
@	   14 | 	  if(isMoment().equals(isMoment())) {
@	      |       [32m^[0m
@	6 errors generated

2021-11-08 02:08:11 DEBUG Run time: 0.38, remain time: 3e+02
2021-11-08 02:08:11 ERROR Failed, return code 1 should be 0!
 Log file at: /home/zhujunhua/workspace/cangjie/utils/test-framework/test_temp/log/HLT/LLVM/JS_FFI/0501_jsRename/class_rename_04/class_rename_04.cj_cangjie2llvmgc_test_cfg.log
