2021-11-08 01:41:05 DEBUG Log file at: /home/zhujunhua/workspace/cangjie/utils/test-framework/test_temp/log/HLT/LLVM/FFI_JNI/java_ffi/java_ffi_008/java_ffi_00804n/java_ffi_main.cj_cangjie2llvmgc_test_cfg.log
2021-11-08 01:41:05 DEBUG Work directory: /home/zhujunhua/workspace/cangjie/tests/HLT/temp_dir/HLT/LLVM/FFI_JNI/java_ffi/java_ffi_008/java_ffi_00804n/java_ffi_main_cj_cangjie2llvmgc_test_cfg_1636335518
2021-11-08 01:41:05 DEBUG execute cmd ===>>>: cjc -ulimit-error java_ffi_main.cj 2>&1 |  /usr/bin/python3 /home/zhujunhua/workspace/cangjie/utils/test-framework/maple_test/compare.py --comment=// java_ffi_main.cj
2021-11-08 01:41:06 DEBUG return code: 1
2021-11-08 01:41:06 DEBUG stdout : 
+	compare.py input:
+		/home/zhujunhua/workspace/cangjie/tests/HLT/temp_dir/HLT/LLVM/FFI_JNI/java_ffi/java_ffi_008/java_ffi_00804n/java_ffi_main_cj_cangjie2llvmgc_test_cfg_1636335518/java_ffi_main.cj:6:8: [31merror[0m: package 'java.lang' is a dependency of package 'test', and the parent path of the module which package 'java.lang' belongs to should be listed in environmental variable CANGJIE_PATH
+		    6 | import java.lang.*
+		      |        [32m^[0m
+		/home/zhujunhua/workspace/cangjie/tests/HLT/temp_dir/HLT/LLVM/FFI_JNI/java_ffi/java_ffi_008/java_ffi_00804n/java_ffi_main_cj_cangjie2llvmgc_test_cfg_1636335518/java_ffi_main.cj:7:17: [31merror[0m: package 'ffi/java' is a dependency of package 'test', and the parent path of the module which package 'ffi/java' belongs to should be listed in environmental variable CANGJIE_PATH
+		    7 | from ffi import java.*
+		      |                 [32m^[0m
+		/home/zhujunhua/workspace/cangjie/tests/HLT/temp_dir/HLT/LLVM/FFI_JNI/java_ffi/java_ffi_008/java_ffi_00804n/java_ffi_main_cj_cangjie2llvmgc_test_cfg_1636335518/java_ffi_main.cj:6:8: [31merror[0m: package 'java.lang' is not found
+		    6 | import java.lang.*
+		      |        [32m^[0m
+		/home/zhujunhua/workspace/cangjie/tests/HLT/temp_dir/HLT/LLVM/FFI_JNI/java_ffi/java_ffi_008/java_ffi_00804n/java_ffi_main_cj_cangjie2llvmgc_test_cfg_1636335518/java_ffi_main.cj:7:17: [31merror[0m: package 'ffi/java' is not found
+		    7 | from ffi import java.*
+		      |                 [32m^[0m
+		/home/zhujunhua/workspace/cangjie/tests/HLT/temp_dir/HLT/LLVM/FFI_JNI/java_ffi/java_ffi_008/java_ffi_00804n/java_ffi_main_cj_cangjie2llvmgc_test_cfg_1636335518/java_ffi_main.cj:15:30: [31merror[0m: undeclared type name 'Enum'
+		   15 | external open class Color <: Enum<Color> { // EXPECTED: regex 'open' cannot be used here for subclasses of java.lang.Enum
+		      |                              [32m^[0m
+		 [31merror[0m: undeclared type name 'JString'
+		 [31merror[0m: undeclared type name 'JString'
+		 [31merror[0m: undeclared type name 'JString'
+		/home/zhujunhua/workspace/cangjie/tests/HLT/temp_dir/HLT/LLVM/FFI_JNI/java_ffi/java_ffi_008/java_ffi_00804n/java_ffi_main_cj_cangjie2llvmgc_test_cfg_1636335518/java_ffi_main.cj:19:13: [31merror[0m: undeclared type name 'JString'
+		   19 |     init(s: JString, i: Int32) { super(s, i) }
+		      |             [32m^[0m
+		 [31merror[0m: `java.lang` package should be imported
+		/home/zhujunhua/workspace/cangjie/tests/HLT/temp_dir/HLT/LLVM/FFI_JNI/java_ffi/java_ffi_008/java_ffi_00804n/java_ffi_main_cj_cangjie2llvmgc_test_cfg_1636335518/java_ffi_main.cj:15:30: [31merror[0m: class 'Color' can only inherit a class or implement interfaces
+		   15 | external open class Color <: Enum<Color> { // EXPECTED: regex 'open' cannot be used here for subclasses of java.lang.Enum
+		      |                              [32m^[0m
+		 [31merror[0m: `java.lang` package should be imported
+		/home/zhujunhua/workspace/cangjie/tests/HLT/temp_dir/HLT/LLVM/FFI_JNI/java_ffi/java_ffi_008/java_ffi_00804n/java_ffi_main_cj_cangjie2llvmgc_test_cfg_1636335518/java_ffi_main.cj:16:36: [31merror[0m: no matching constructor for call 'Color'
+		   16 |     public static let RED: Color = Color(J"RED", 0)
+		      |                                    [32m^[0m
+		/home/zhujunhua/workspace/cangjie/tests/HLT/temp_dir/HLT/LLVM/FFI_JNI/java_ffi/java_ffi_008/java_ffi_00804n/java_ffi_main_cj_cangjie2llvmgc_test_cfg_1636335518/java_ffi_main.cj:16:28: [31merror[0m: initializer's type is incompatible with variable declaration 'RED' 
+		   16 |     public static let RED: Color = Color(J"RED", 0)
+		      |                            [32m^[0m
+		/home/zhujunhua/workspace/cangjie/tests/HLT/temp_dir/HLT/LLVM/FFI_JNI/java_ffi/java_ffi_008/java_ffi_00804n/java_ffi_main_cj_cangjie2llvmgc_test_cfg_1636335518/java_ffi_main.cj:17:38: [31merror[0m: no matching constructor for call 'Color'
+		   17 |     public static let GREEN: Color = Color(J"GREEN", 1)
+		      |                                      [32m^[0m
+		/home/zhujunhua/workspace/cangjie/tests/HLT/temp_dir/HLT/LLVM/FFI_JNI/java_ffi/java_ffi_008/java_ffi_00804n/java_ffi_main_cj_cangjie2llvmgc_test_cfg_1636335518/java_ffi_main.cj:17:30: [31merror[0m: initializer's type is incompatible with variable declaration 'GREEN' 
+		   17 |     public static let GREEN: Color = Color(J"GREEN", 1)
+		      |                              [32m^[0m
+		/home/zhujunhua/workspace/cangjie/tests/HLT/temp_dir/HLT/LLVM/FFI_JNI/java_ffi/java_ffi_008/java_ffi_00804n/java_ffi_main_cj_cangjie2llvmgc_test_cfg_1636335518/java_ffi_main.cj:18:37: [31merror[0m: no matching constructor for call 'Color'
+		   18 |     public static let BLUE: Color = Color(J"BLUE", 2)
+		      |                                     [32m^[0m
+		/home/zhujunhua/workspace/cangjie/tests/HLT/temp_dir/HLT/LLVM/FFI_JNI/java_ffi/java_ffi_008/java_ffi_00804n/java_ffi_main_cj_cangjie2llvmgc_test_cfg_1636335518/java_ffi_main.cj:18:29: [31merror[0m: initializer's type is incompatible with variable declaration 'BLUE' 
+		   18 |     public static let BLUE: Color = Color(J"BLUE", 2)
+		      |                             [32m^[0m
+		18 errors generated
+	
+	compare.py input end
+	
+	Starting Compare:
+	b"It's a assert, flag: scan-not, pattern: Exception , result: True, matched at output line: 0"
+	b"flag: regex, pattern: \\:15\\:.*\\:.*'open' cannot be used here for subclasses of java.lang.Enum , result: False, matched at output line: 1"
+	Match End!, Compare Failed

2021-11-08 01:41:06 DEBUG stderr : 

2021-11-08 01:41:06 DEBUG Run time: 0.42, remain time: 3e+02
2021-11-08 01:41:06 ERROR Failed, return code 1 should be 0!
 Log file at: /home/zhujunhua/workspace/cangjie/utils/test-framework/test_temp/log/HLT/LLVM/FFI_JNI/java_ffi/java_ffi_008/java_ffi_00804n/java_ffi_main.cj_cangjie2llvmgc_test_cfg.log
