2021-11-08 02:04:28 DEBUG Log file at: /home/zhujunhua/workspace/cangjie/utils/test-framework/test_temp/log/HLT/LLVM/JS_FFI/05_jsRename/var_type_08/var_type_08.cj_cangjie2llvmgc_test_cfg.log
2021-11-08 02:04:28 DEBUG Work directory: /home/zhujunhua/workspace/cangjie/tests/HLT/temp_dir/HLT/LLVM/JS_FFI/05_jsRename/var_type_08/var_type_08_cj_cangjie2llvmgc_test_cfg_1636335531
2021-11-08 02:04:28 DEBUG execute cmd ===>>>: cjc -ulimit-error var_type_08.cj -o var_type_08..out
2021-11-08 02:04:29 DEBUG return code: 1
2021-11-08 02:04:29 DEBUG stdout : 

2021-11-08 02:04:29 DEBUG stderr : 
@	/home/zhujunhua/workspace/cangjie/tests/HLT/temp_dir/HLT/LLVM/JS_FFI/05_jsRename/var_type_08/var_type_08_cj_cangjie2llvmgc_test_cfg_1636335531/var_type_08.cj:25:24: [31merror[0m: native function can only have CType args.
@	   25 | foreign func varType08(obj:Complex) : object8
@	      |                        [32m^[0m
@	/home/zhujunhua/workspace/cangjie/tests/HLT/temp_dir/HLT/LLVM/JS_FFI/05_jsRename/var_type_08/var_type_08_cj_cangjie2llvmgc_test_cfg_1636335531/var_type_08.cj:25:39: [31merror[0m: native function can only have CType return.
@	   25 | foreign func varType08(obj:Complex) : object8
@	      |                                       [32m^[0m
@	2 errors generated

2021-11-08 02:04:29 DEBUG Run time: 0.38, remain time: 3e+02
2021-11-08 02:04:29 ERROR Failed, return code 1 should be 0!
 Log file at: /home/zhujunhua/workspace/cangjie/utils/test-framework/test_temp/log/HLT/LLVM/JS_FFI/05_jsRename/var_type_08/var_type_08.cj_cangjie2llvmgc_test_cfg.log
