2021-11-08 01:40:22 DEBUG Log file at: /home/zhujunhua/workspace/cangjie/utils/test-framework/test_temp/log/HLT/LLVM/JS_FFI/05_jsRename/func_body_js_02/func_body_js_02.cj_cangjie2llvmgc_test_cfg.log
2021-11-08 01:40:22 DEBUG Work directory: /home/zhujunhua/workspace/cangjie/tests/HLT/temp_dir/HLT/LLVM/JS_FFI/05_jsRename/func_body_js_02/func_body_js_02_cj_cangjie2llvmgc_test_cfg_1636335518
2021-11-08 01:40:22 DEBUG execute cmd ===>>>: cjc -ulimit-error func_body_js_02.cj -o func_body_js_02..out
2021-11-08 01:40:22 DEBUG return code: 1
2021-11-08 01:40:22 DEBUG stdout : 

2021-11-08 01:40:22 DEBUG stderr : 
@	/home/zhujunhua/workspace/cangjie/tests/HLT/temp_dir/HLT/LLVM/JS_FFI/05_jsRename/func_body_js_02/func_body_js_02_cj_cangjie2llvmgc_test_cfg_1636335518/func_body_js_02.cj:7:25: [31merror[0m: native function can only have CType args.
@	    7 | foreign func funcBody02(a:String, b:String, c: String) : String
@	      |                         [32m^[0m
@	/home/zhujunhua/workspace/cangjie/tests/HLT/temp_dir/HLT/LLVM/JS_FFI/05_jsRename/func_body_js_02/func_body_js_02_cj_cangjie2llvmgc_test_cfg_1636335518/func_body_js_02.cj:7:35: [31merror[0m: native function can only have CType args.
@	    7 | foreign func funcBody02(a:String, b:String, c: String) : String
@	      |                                   [32m^[0m
@	/home/zhujunhua/workspace/cangjie/tests/HLT/temp_dir/HLT/LLVM/JS_FFI/05_jsRename/func_body_js_02/func_body_js_02_cj_cangjie2llvmgc_test_cfg_1636335518/func_body_js_02.cj:7:45: [31merror[0m: native function can only have CType args.
@	    7 | foreign func funcBody02(a:String, b:String, c: String) : String
@	      |                                             [32m^[0m
@	/home/zhujunhua/workspace/cangjie/tests/HLT/temp_dir/HLT/LLVM/JS_FFI/05_jsRename/func_body_js_02/func_body_js_02_cj_cangjie2llvmgc_test_cfg_1636335518/func_body_js_02.cj:7:58: [31merror[0m: native function can only have CType return.
@	    7 | foreign func funcBody02(a:String, b:String, c: String) : String
@	      |                                                          [32m^[0m
@	4 errors generated

2021-11-08 01:40:22 DEBUG Run time: 0.37, remain time: 3e+02
2021-11-08 01:40:22 ERROR Failed, return code 1 should be 0!
 Log file at: /home/zhujunhua/workspace/cangjie/utils/test-framework/test_temp/log/HLT/LLVM/JS_FFI/05_jsRename/func_body_js_02/func_body_js_02.cj_cangjie2llvmgc_test_cfg.log
