2021-11-08 02:48:54 DEBUG Log file at: /home/zhujunhua/workspace/cangjie/utils/test-framework/test_temp/log/HLT/LLVM/TypesAndVariables/CompositeType/Record/type/record_member_type_1304.cj_cangjie2llvmgc_test_cfg.log
2021-11-08 02:48:54 DEBUG Work directory: /home/zhujunhua/workspace/cangjie/tests/HLT/temp_dir/HLT/LLVM/TypesAndVariables/CompositeType/Record/type/record_member_type_1304_cj_cangjie2llvmgc_test_cfg_1636338482
2021-11-08 02:48:54 DEBUG execute cmd ===>>>: cjc -ulimit-error record_member_type_1304.cj -o record_member_type_1304.out
2021-11-08 02:48:54 DEBUG return code: 1
2021-11-08 02:48:54 DEBUG stdout : 

2021-11-08 02:48:54 DEBUG stderr : 
@	/home/zhujunhua/workspace/cangjie/tests/HLT/temp_dir/HLT/LLVM/TypesAndVariables/CompositeType/Record/type/record_member_type_1304_cj_cangjie2llvmgc_test_cfg_1636338482/record_member_type_1304.cj:9:5: [31merror[0m: non-static generic member function 'getTest2' is not supported
@	    9 |     func getTest2<V>(x: V): V{
@	      |     [32m^[0m
@	/home/zhujunhua/workspace/cangjie/tests/HLT/temp_dir/HLT/LLVM/TypesAndVariables/CompositeType/Record/type/record_member_type_1304_cj_cangjie2llvmgc_test_cfg_1636338482/record_member_type_1304.cj:19:5: [31merror[0m: non-static generic member function 'getVol' is not supported
@	   19 |     func getVol<V>(x: V): V{
@	      |     [32m^[0m
@	2 errors generated

2021-11-08 02:48:54 DEBUG Run time: 0.63, remain time: 3e+02
2021-11-08 02:48:54 ERROR Failed, return code 1 should be 0!
 Log file at: /home/zhujunhua/workspace/cangjie/utils/test-framework/test_temp/log/HLT/LLVM/TypesAndVariables/CompositeType/Record/type/record_member_type_1304.cj_cangjie2llvmgc_test_cfg.log
