2021-11-08 02:28:23 DEBUG Log file at: /home/zhujunhua/workspace/cangjie/utils/test-framework/test_temp/log/HLT/LLVM/AD/DiffType/Type/float/diff_float_def_08.cj_cangjie2llvmgc_test_cfg.log
2021-11-08 02:28:23 DEBUG Work directory: /home/zhujunhua/workspace/cangjie/tests/HLT/temp_dir/HLT/LLVM/AD/DiffType/Type/float/diff_float_def_08_cj_cangjie2llvmgc_test_cfg_1636338471
2021-11-08 02:28:23 DEBUG execute cmd ===>>>: cjc -enable-ad -ulimit-error diff_float_def_08.cj -o diff_float_def_08.out 2>&1 
2021-11-08 02:28:23 DEBUG return code: 1
2021-11-08 02:28:23 DEBUG stdout : 
+	/home/zhujunhua/workspace/cangjie/tests/HLT/temp_dir/HLT/LLVM/AD/DiffType/Type/float/diff_float_def_08_cj_cangjie2llvmgc_test_cfg_1636338471/diff_float_def_08.cj:6:19: [31merror[0m: undeclared type name 'Differentiable'
+	    6 | extend Float64 <: Differentiable{ 
+	      |                   [32m^[0m
+	/home/zhujunhua/workspace/cangjie/tests/HLT/temp_dir/HLT/LLVM/AD/DiffType/Type/float/diff_float_def_08_cj_cangjie2llvmgc_test_cfg_1636338471/diff_float_def_08.cj:6:19: [31merror[0m: expected an interface here
+	    6 | extend Float64 <: Differentiable{ 
+	      |                   [32m^[0m
+	2 errors generated

2021-11-08 02:28:23 DEBUG stderr : 

2021-11-08 02:28:23 DEBUG Run time: 0.39, remain time: 3e+02
2021-11-08 02:28:23 DEBUG execute cmd ===>>>:   /usr/bin/python3 /home/zhujunhua/workspace/cangjie/utils/test-framework/maple_test/compare.py --comment=// diff_float_def_08.cj
2021-11-08 02:28:23 DEBUG return code: 1
2021-11-08 02:28:23 DEBUG stdout : 
+	compare.py input:
+		/home/zhujunhua/workspace/cangjie/tests/HLT/temp_dir/HLT/LLVM/AD/DiffType/Type/float/diff_float_def_08_cj_cangjie2llvmgc_test_cfg_1636338471/diff_float_def_08.cj:6:19: [31merror[0m: undeclared type name 'Differentiable'
+		    6 | extend Float64 <: Differentiable{ 
+		      |                   [32m^[0m
+		/home/zhujunhua/workspace/cangjie/tests/HLT/temp_dir/HLT/LLVM/AD/DiffType/Type/float/diff_float_def_08_cj_cangjie2llvmgc_test_cfg_1636338471/diff_float_def_08.cj:6:19: [31merror[0m: expected an interface here
+		    6 | extend Float64 <: Differentiable{ 
+		      |                   [32m^[0m
+		2 errors generated
+	
+	compare.py input end
+	
+	Starting Compare:
+	b"It's a assert, flag: regex-not, pattern: core dump , result: True, matched at output line: 0"
+	b"It's a assert, flag: regex-not, pattern: stack trace , result: True, matched at output line: 1"
+	b"It's a assert, flag: regex, pattern: user define is not supported , result: False, matched at output line: 1"
+	Match End!, Compare Failed

2021-11-08 02:28:23 DEBUG stderr : 

2021-11-08 02:28:23 DEBUG Run time: 0.11, remain time: 3e+02
2021-11-08 02:28:23 ERROR Failed, return code 1 should be 0!
 Log file at: /home/zhujunhua/workspace/cangjie/utils/test-framework/test_temp/log/HLT/LLVM/AD/DiffType/Type/float/diff_float_def_08.cj_cangjie2llvmgc_test_cfg.log
