2021-11-08 02:00:22 DEBUG Log file at: /home/zhujunhua/workspace/cangjie/utils/test-framework/test_temp/log/HLT/LLVM/JS_FFI/05_jsRename/nested_04/nested_04.cj_cangjie2llvmgc_test_cfg.log
2021-11-08 02:00:22 DEBUG Work directory: /home/zhujunhua/workspace/cangjie/tests/HLT/temp_dir/HLT/LLVM/JS_FFI/05_jsRename/nested_04/nested_04_cj_cangjie2llvmgc_test_cfg_1636335528
2021-11-08 02:00:22 DEBUG execute cmd ===>>>: cjc -ulimit-error nested_04.cj -o nested_04..out
2021-11-08 02:00:22 DEBUG return code: 1
2021-11-08 02:00:22 DEBUG stdout : 

2021-11-08 02:00:22 DEBUG stderr : 
@	/home/zhujunhua/workspace/cangjie/tests/HLT/temp_dir/HLT/LLVM/JS_FFI/05_jsRename/nested_04/nested_04_cj_cangjie2llvmgc_test_cfg_1636335528/nested_04.cj:20:23: [31merror[0m: native function can only have CType args.
@	   20 | foreign func nested04(obj:B) : String
@	      |                       [32m^[0m
@	/home/zhujunhua/workspace/cangjie/tests/HLT/temp_dir/HLT/LLVM/JS_FFI/05_jsRename/nested_04/nested_04_cj_cangjie2llvmgc_test_cfg_1636335528/nested_04.cj:20:32: [31merror[0m: native function can only have CType return.
@	   20 | foreign func nested04(obj:B) : String
@	      |                                [32m^[0m
@	2 errors generated

2021-11-08 02:00:22 DEBUG Run time: 0.58, remain time: 3e+02
2021-11-08 02:00:22 ERROR Failed, return code 1 should be 0!
 Log file at: /home/zhujunhua/workspace/cangjie/utils/test-framework/test_temp/log/HLT/LLVM/JS_FFI/05_jsRename/nested_04/nested_04.cj_cangjie2llvmgc_test_cfg.log
