2021-11-08 02:01:45 DEBUG Log file at: /home/zhujunhua/workspace/cangjie/utils/test-framework/test_temp/log/HLT/LLVM/JS_FFI/03_mod_object/var_type_04/var_type_04.cj_cangjie2llvmgc_test_cfg.log
2021-11-08 02:01:45 DEBUG Work directory: /home/zhujunhua/workspace/cangjie/tests/HLT/temp_dir/HLT/LLVM/JS_FFI/03_mod_object/var_type_04/var_type_04_cj_cangjie2llvmgc_test_cfg_1636335529
2021-11-08 02:01:45 DEBUG execute cmd ===>>>: cjc -ulimit-error var_type_04.cj -o var_type_04..out
2021-11-08 02:01:45 DEBUG return code: 1
2021-11-08 02:01:45 DEBUG stdout : 

2021-11-08 02:01:45 DEBUG stderr : 
@	/home/zhujunhua/workspace/cangjie/tests/HLT/temp_dir/HLT/LLVM/JS_FFI/03_mod_object/var_type_04/var_type_04_cj_cangjie2llvmgc_test_cfg_1636335529/var_type_04.cj:19:16: [31merror[0m: native function can only have CType args.
@	   19 |   func fromNow(obj:Complex) : Bool
@	      |                [32m^[0m
@	/home/zhujunhua/workspace/cangjie/tests/HLT/temp_dir/HLT/LLVM/JS_FFI/03_mod_object/var_type_04/var_type_04_cj_cangjie2llvmgc_test_cfg_1636335529/var_type_04.cj:23:26: [31merror[0m: native function can only have CType return.
@	   23 | foreign func moment1() : Moment
@	      |                          [32m^[0m
@	2 errors generated

2021-11-08 02:01:45 DEBUG Run time: 0.39, remain time: 3e+02
2021-11-08 02:01:45 ERROR Failed, return code 1 should be 0!
 Log file at: /home/zhujunhua/workspace/cangjie/utils/test-framework/test_temp/log/HLT/LLVM/JS_FFI/03_mod_object/var_type_04/var_type_04.cj_cangjie2llvmgc_test_cfg.log
