2021-11-08 01:50:47 DEBUG Log file at: /home/zhujunhua/workspace/cangjie/utils/test-framework/test_temp/log/HLT/LLVM/JS_FFI/0501_jsRename/class_rename_09/class_rename_09.cj_cangjie2llvmgc_test_cfg.log
2021-11-08 01:50:47 DEBUG Work directory: /home/zhujunhua/workspace/cangjie/tests/HLT/temp_dir/HLT/LLVM/JS_FFI/0501_jsRename/class_rename_09/class_rename_09_cj_cangjie2llvmgc_test_cfg_1636335524
2021-11-08 01:50:47 DEBUG execute cmd ===>>>: cjc -frontend -c -typecheck -ulimit-error class_rename_09.cj 2>&1 1>/dev/null 
2021-11-08 01:50:48 DEBUG return code: 1
2021-11-08 01:50:48 DEBUG stdout : 
+	/home/zhujunhua/workspace/cangjie/tests/HLT/temp_dir/HLT/LLVM/JS_FFI/0501_jsRename/class_rename_09/class_rename_09_cj_cangjie2llvmgc_test_cfg_1636335524/class_rename_09.cj:25:23: [31merror[0m: native function can only have CType args.
+	   25 | foreign func isMoment(obj:Complex) : UInt32
+	      |                       [32m^[0m
+	/home/zhujunhua/workspace/cangjie/tests/HLT/temp_dir/HLT/LLVM/JS_FFI/0501_jsRename/class_rename_09/class_rename_09_cj_cangjie2llvmgc_test_cfg_1636335524/class_rename_09.cj:28:15: [31merror[0m: unsafe function or native function should be invoked in unsafe context.
+	   28 |     let res = isMoment(Complex(
+	      |               [32m^[0m
+	2 errors generated

2021-11-08 01:50:48 DEBUG stderr : 

2021-11-08 01:50:48 DEBUG Run time: 0.58, remain time: 3e+02
2021-11-08 01:50:48 DEBUG execute cmd ===>>>:   /usr/bin/python3 /home/zhujunhua/workspace/cangjie/utils/test-framework/maple_test/compare.py --comment=// class_rename_09.cj
2021-11-08 01:50:48 DEBUG return code: 1
2021-11-08 01:50:48 DEBUG stdout : 
+	compare.py input:
+		/home/zhujunhua/workspace/cangjie/tests/HLT/temp_dir/HLT/LLVM/JS_FFI/0501_jsRename/class_rename_09/class_rename_09_cj_cangjie2llvmgc_test_cfg_1636335524/class_rename_09.cj:25:23: [31merror[0m: native function can only have CType args.
+		   25 | foreign func isMoment(obj:Complex) : UInt32
+		      |                       [32m^[0m
+		/home/zhujunhua/workspace/cangjie/tests/HLT/temp_dir/HLT/LLVM/JS_FFI/0501_jsRename/class_rename_09/class_rename_09_cj_cangjie2llvmgc_test_cfg_1636335524/class_rename_09.cj:28:15: [31merror[0m: unsafe function or native function should be invoked in unsafe context.
+		   28 |     let res = isMoment(Complex(
+		      |               [32m^[0m
+		2 errors generated
+	
+	compare.py input end
+	
+	Starting Compare:
+	b"It's a assert, flag: scan-not, pattern: core dumped , result: True, matched at output line: 0"
+	b"It's a assert, flag: scan-not, pattern: stack trace , result: True, matched at output line: 1"
+	b"flag: regex, pattern: \\:11\\:.*\\:.*Only primary constructor is valid in a '@JsObject' annotated class , result: False, matched at output line: 1"
+	Match End!, Compare Failed

2021-11-08 01:50:48 DEBUG stderr : 

2021-11-08 01:50:48 DEBUG Run time: 0.21, remain time: 3e+02
2021-11-08 01:50:48 ERROR Failed, return code 1 should be 0!
 Log file at: /home/zhujunhua/workspace/cangjie/utils/test-framework/test_temp/log/HLT/LLVM/JS_FFI/0501_jsRename/class_rename_09/class_rename_09.cj_cangjie2llvmgc_test_cfg.log
