2021-11-08 01:46:20 DEBUG Log file at: /home/zhujunhua/workspace/cangjie/utils/test-framework/test_temp/log/HLT/LLVM/JS_FFI/04_jsModule/func_body_js_04/func_body_js_04.cj_cangjie2llvmgc_test_cfg.log
2021-11-08 01:46:20 DEBUG Work directory: /home/zhujunhua/workspace/cangjie/tests/HLT/temp_dir/HLT/LLVM/JS_FFI/04_jsModule/func_body_js_04/func_body_js_04_cj_cangjie2llvmgc_test_cfg_1636335522
2021-11-08 01:46:20 DEBUG execute cmd ===>>>: cjc -ulimit-error func_body_js_04.cj -o func_body_js_04..out
2021-11-08 01:46:20 DEBUG return code: 1
2021-11-08 01:46:20 DEBUG stdout : 

2021-11-08 01:46:20 DEBUG stderr : 
@	/home/zhujunhua/workspace/cangjie/tests/HLT/temp_dir/HLT/LLVM/JS_FFI/04_jsModule/func_body_js_04/func_body_js_04_cj_cangjie2llvmgc_test_cfg_1636335522/func_body_js_04.cj:6:23: [31merror[0m: native function can only have CType args.
@	    6 | foreign func isMoment(a:String, b:String, c: String) : String
@	      |                       [32m^[0m
@	/home/zhujunhua/workspace/cangjie/tests/HLT/temp_dir/HLT/LLVM/JS_FFI/04_jsModule/func_body_js_04/func_body_js_04_cj_cangjie2llvmgc_test_cfg_1636335522/func_body_js_04.cj:6:33: [31merror[0m: native function can only have CType args.
@	    6 | foreign func isMoment(a:String, b:String, c: String) : String
@	      |                                 [32m^[0m
@	/home/zhujunhua/workspace/cangjie/tests/HLT/temp_dir/HLT/LLVM/JS_FFI/04_jsModule/func_body_js_04/func_body_js_04_cj_cangjie2llvmgc_test_cfg_1636335522/func_body_js_04.cj:6:43: [31merror[0m: native function can only have CType args.
@	    6 | foreign func isMoment(a:String, b:String, c: String) : String
@	      |                                           [32m^[0m
@	/home/zhujunhua/workspace/cangjie/tests/HLT/temp_dir/HLT/LLVM/JS_FFI/04_jsModule/func_body_js_04/func_body_js_04_cj_cangjie2llvmgc_test_cfg_1636335522/func_body_js_04.cj:6:56: [31merror[0m: native function can only have CType return.
@	    6 | foreign func isMoment(a:String, b:String, c: String) : String
@	      |                                                        [32m^[0m
@	4 errors generated

2021-11-08 01:46:20 DEBUG Run time: 0.35, remain time: 3e+02
2021-11-08 01:46:20 ERROR Failed, return code 1 should be 0!
 Log file at: /home/zhujunhua/workspace/cangjie/utils/test-framework/test_temp/log/HLT/LLVM/JS_FFI/04_jsModule/func_body_js_04/func_body_js_04.cj_cangjie2llvmgc_test_cfg.log
