2021-11-08 02:34:51 DEBUG Log file at: /home/zhujunhua/workspace/cangjie/utils/test-framework/test_temp/log/HLT/LLVM/AD/highOrderDiff/high_order_diff_30.cj_cangjie2llvmgc_test_cfg.log
2021-11-08 02:34:51 DEBUG Work directory: /home/zhujunhua/workspace/cangjie/tests/HLT/temp_dir/HLT/LLVM/AD/highOrderDiff/high_order_diff_30_cj_cangjie2llvmgc_test_cfg_1636338475
2021-11-08 02:34:51 DEBUG execute cmd ===>>>: cjc -enable-ad -ulimit-error high_order_diff_30.cj -o high_order_diff_30.out
2021-11-08 02:34:51 DEBUG return code: 1
2021-11-08 02:34:51 DEBUG stdout : 

2021-11-08 02:34:51 DEBUG stderr : 
@	[31merror[0m: /home/zhujunhua/workspace/cangjie/tests/HLT/temp_dir/HLT/LLVM/AD/highOrderDiff/high_order_diff_30_cj_cangjie2llvmgc_test_cfg_1636338475/high_order_diff_30.cj:6:14: error: match expression is not supported in differentiable function
@	[31merror[0m: /home/zhujunhua/workspace/cangjie/tests/HLT/temp_dir/HLT/LLVM/AD/highOrderDiff/high_order_diff_30_cj_cangjie2llvmgc_test_cfg_1636338475/high_order_diff_30.cj:5:20: error: expect a non-empty body

2021-11-08 02:34:51 DEBUG Run time: 0.42, remain time: 3e+02
2021-11-08 02:34:51 ERROR Failed, return code 1 should be 0!
 Log file at: /home/zhujunhua/workspace/cangjie/utils/test-framework/test_temp/log/HLT/LLVM/AD/highOrderDiff/high_order_diff_30.cj_cangjie2llvmgc_test_cfg.log
