2021-11-08 02:02:40 DEBUG Log file at: /home/zhujunhua/workspace/cangjie/utils/test-framework/test_temp/log/HLT/LLVM/JS_FFI/05_jsRename/nested_03/nested_03.cj_cangjie2llvmgc_test_cfg.log
2021-11-08 02:02:40 DEBUG Work directory: /home/zhujunhua/workspace/cangjie/tests/HLT/temp_dir/HLT/LLVM/JS_FFI/05_jsRename/nested_03/nested_03_cj_cangjie2llvmgc_test_cfg_1636335529
2021-11-08 02:02:41 DEBUG execute cmd ===>>>: cjc -ulimit-error nested_03.cj -o nested_03..out
2021-11-08 02:02:41 DEBUG return code: 1
2021-11-08 02:02:41 DEBUG stdout : 

2021-11-08 02:02:41 DEBUG stderr : 
@	/home/zhujunhua/workspace/cangjie/tests/HLT/temp_dir/HLT/LLVM/JS_FFI/05_jsRename/nested_03/nested_03_cj_cangjie2llvmgc_test_cfg_1636335529/nested_03.cj:20:23: [31merror[0m: native function can only have CType args.
@	   20 | foreign func nested03(obj:B) : String
@	      |                       [32m^[0m
@	/home/zhujunhua/workspace/cangjie/tests/HLT/temp_dir/HLT/LLVM/JS_FFI/05_jsRename/nested_03/nested_03_cj_cangjie2llvmgc_test_cfg_1636335529/nested_03.cj:20:32: [31merror[0m: native function can only have CType return.
@	   20 | foreign func nested03(obj:B) : String
@	      |                                [32m^[0m
@	2 errors generated

2021-11-08 02:02:41 DEBUG Run time: 0.39, remain time: 3e+02
2021-11-08 02:02:41 ERROR Failed, return code 1 should be 0!
 Log file at: /home/zhujunhua/workspace/cangjie/utils/test-framework/test_temp/log/HLT/LLVM/JS_FFI/05_jsRename/nested_03/nested_03.cj_cangjie2llvmgc_test_cfg.log
