2021-11-08 02:35:04 DEBUG Log file at: /home/zhujunhua/workspace/cangjie/utils/test-framework/test_temp/log/HLT/LLVM/AD/Function/Expression/loopExpr/loop_in_diff_func_27_01.cj_cangjie2llvmgc_test_cfg.log
2021-11-08 02:35:04 DEBUG Work directory: /home/zhujunhua/workspace/cangjie/tests/HLT/temp_dir/HLT/LLVM/AD/Function/Expression/loopExpr/loop_in_diff_func_27_01_cj_cangjie2llvmgc_test_cfg_1636338475
2021-11-08 02:35:04 DEBUG execute cmd ===>>>: cjc -enable-ad -ulimit-error loop_in_diff_func_27_01.cj -o loop_in_diff_func_27_01.out  2>&1 
2021-11-08 02:35:04 DEBUG return code: 1
2021-11-08 02:35:04 DEBUG stdout : 
+	[31merror[0m: /home/zhujunhua/workspace/cangjie/tests/HLT/temp_dir/HLT/LLVM/AD/Function/Expression/loopExpr/loop_in_diff_func_27_01_cj_cangjie2llvmgc_test_cfg_1636338475/loop_in_diff_func_27_01.cj:7:23: error: match expression is not supported in differentiable function
+	[31merror[0m: /home/zhujunhua/workspace/cangjie/tests/HLT/temp_dir/HLT/LLVM/AD/Function/Expression/loopExpr/loop_in_diff_func_27_01_cj_cangjie2llvmgc_test_cfg_1636338475/loop_in_diff_func_27_01.cj:6:28: error: expect a non-empty body

2021-11-08 02:35:04 DEBUG stderr : 

2021-11-08 02:35:04 DEBUG Run time: 0.42, remain time: 3e+02
2021-11-08 02:35:04 DEBUG execute cmd ===>>>:   /usr/bin/python3 /home/zhujunhua/workspace/cangjie/utils/test-framework/maple_test/compare.py --comment=// loop_in_diff_func_27_01.cj
2021-11-08 02:35:04 DEBUG return code: 1
2021-11-08 02:35:04 DEBUG stdout : 
+	compare.py input:
+		[31merror[0m: /home/zhujunhua/workspace/cangjie/tests/HLT/temp_dir/HLT/LLVM/AD/Function/Expression/loopExpr/loop_in_diff_func_27_01_cj_cangjie2llvmgc_test_cfg_1636338475/loop_in_diff_func_27_01.cj:7:23: error: match expression is not supported in differentiable function
+		[31merror[0m: /home/zhujunhua/workspace/cangjie/tests/HLT/temp_dir/HLT/LLVM/AD/Function/Expression/loopExpr/loop_in_diff_func_27_01_cj_cangjie2llvmgc_test_cfg_1636338475/loop_in_diff_func_27_01.cj:6:28: error: expect a non-empty body
+	
+	compare.py input end
+	
+	Starting Compare:
+	b"It's a assert, flag: regex-not, pattern: core dump , result: True, matched at output line: 0"
+	b"It's a assert, flag: scan, pattern: unsupport match expr in differentiable function , result: False, matched at output line: 1"
+	Match End!, Compare Failed

2021-11-08 02:35:04 DEBUG stderr : 

2021-11-08 02:35:04 DEBUG Run time: 0.11, remain time: 3e+02
2021-11-08 02:35:04 ERROR Failed, return code 1 should be 0!
 Log file at: /home/zhujunhua/workspace/cangjie/utils/test-framework/test_temp/log/HLT/LLVM/AD/Function/Expression/loopExpr/loop_in_diff_func_27_01.cj_cangjie2llvmgc_test_cfg.log
