2021-11-08 02:06:27 DEBUG Log file at: /home/zhujunhua/workspace/cangjie/utils/test-framework/test_temp/log/HLT/LLVM/JS_FFI/03_mod_object/var_type_03/var_type_03.cj_cangjie2llvmgc_test_cfg.log
2021-11-08 02:06:27 DEBUG Work directory: /home/zhujunhua/workspace/cangjie/tests/HLT/temp_dir/HLT/LLVM/JS_FFI/03_mod_object/var_type_03/var_type_03_cj_cangjie2llvmgc_test_cfg_1636335532
2021-11-08 02:06:27 DEBUG execute cmd ===>>>: cjc -ulimit-error var_type_03.cj -o var_type_03..out
2021-11-08 02:06:28 DEBUG return code: 1
2021-11-08 02:06:28 DEBUG stdout : 

2021-11-08 02:06:28 DEBUG stderr : 
@	/home/zhujunhua/workspace/cangjie/tests/HLT/temp_dir/HLT/LLVM/JS_FFI/03_mod_object/var_type_03/var_type_03_cj_cangjie2llvmgc_test_cfg_1636335532/var_type_03.cj:18:16: [31merror[0m: native function can only have CType args.
@	   18 |   func fromNow(obj:Complex) : String
@	      |                [32m^[0m
@	/home/zhujunhua/workspace/cangjie/tests/HLT/temp_dir/HLT/LLVM/JS_FFI/03_mod_object/var_type_03/var_type_03_cj_cangjie2llvmgc_test_cfg_1636335532/var_type_03.cj:18:31: [31merror[0m: native function can only have CType return.
@	   18 |   func fromNow(obj:Complex) : String
@	      |                               [32m^[0m
@	/home/zhujunhua/workspace/cangjie/tests/HLT/temp_dir/HLT/LLVM/JS_FFI/03_mod_object/var_type_03/var_type_03_cj_cangjie2llvmgc_test_cfg_1636335532/var_type_03.cj:22:26: [31merror[0m: native function can only have CType return.
@	   22 | foreign func moment1() : Moment
@	      |                          [32m^[0m
@	/home/zhujunhua/workspace/cangjie/tests/HLT/temp_dir/HLT/LLVM/JS_FFI/03_mod_object/var_type_03/var_type_03_cj_cangjie2llvmgc_test_cfg_1636335532/var_type_03.cj:25:13: [31merror[0m: unsafe function or native function should be invoked in unsafe context.
@	   25 |   let res = moment1().fromNow(Complex(
@	      |             [32m^[0m
@	/home/zhujunhua/workspace/cangjie/tests/HLT/temp_dir/HLT/LLVM/JS_FFI/03_mod_object/var_type_03/var_type_03_cj_cangjie2llvmgc_test_cfg_1636335532/var_type_03.cj:25:13: [31merror[0m: unsafe function or native function should be invoked in unsafe context.
@	   25 |   let res = moment1().fromNow(Complex(
@	      |             [32m^[0m
@	5 errors generated

2021-11-08 02:06:28 DEBUG Run time: 0.34, remain time: 3e+02
2021-11-08 02:06:28 ERROR Failed, return code 1 should be 0!
 Log file at: /home/zhujunhua/workspace/cangjie/utils/test-framework/test_temp/log/HLT/LLVM/JS_FFI/03_mod_object/var_type_03/var_type_03.cj_cangjie2llvmgc_test_cfg.log
