2021-11-08 02:36:10 DEBUG Log file at: /home/zhujunhua/workspace/cangjie/utils/test-framework/test_temp/log/HLT/LLVM/AD/DiffType/Type/unit/diff_unit_def_02.cj_cangjie2llvmgc_test_cfg.log
2021-11-08 02:36:10 DEBUG Work directory: /home/zhujunhua/workspace/cangjie/tests/HLT/temp_dir/HLT/LLVM/AD/DiffType/Type/unit/diff_unit_def_02_cj_cangjie2llvmgc_test_cfg_1636338476
2021-11-08 02:36:10 DEBUG execute cmd ===>>>: cjc -enable-ad -ulimit-error diff_unit_def_02.cj -o diff_unit_def_02.out 2>&1 
2021-11-08 02:36:10 DEBUG return code: 1
2021-11-08 02:36:10 DEBUG stdout : 
+	/home/zhujunhua/workspace/cangjie/tests/HLT/temp_dir/HLT/LLVM/AD/DiffType/Type/unit/diff_unit_def_02_cj_cangjie2llvmgc_test_cfg_1636338476/diff_unit_def_02.cj:6:1: [31merror[0m: illegal object in toplevel, toplevel must consist of declaration or definition
+	    6 | appead Unit with Differentiable{ 
+	      | [32m^[0m
+	1 error generated

2021-11-08 02:36:10 DEBUG stderr : 

2021-11-08 02:36:10 DEBUG Run time: 0.4, remain time: 3e+02
2021-11-08 02:36:10 DEBUG execute cmd ===>>>:   /usr/bin/python3 /home/zhujunhua/workspace/cangjie/utils/test-framework/maple_test/compare.py --comment=// diff_unit_def_02.cj
2021-11-08 02:36:10 DEBUG return code: 1
2021-11-08 02:36:10 DEBUG stdout : 
+	compare.py input:
+		/home/zhujunhua/workspace/cangjie/tests/HLT/temp_dir/HLT/LLVM/AD/DiffType/Type/unit/diff_unit_def_02_cj_cangjie2llvmgc_test_cfg_1636338476/diff_unit_def_02.cj:6:1: [31merror[0m: illegal object in toplevel, toplevel must consist of declaration or definition
+		    6 | appead Unit with Differentiable{ 
+		      | [32m^[0m
+		1 error generated
+	
+	compare.py input end
+	
+	Starting Compare:
+	b"It's a assert, flag: regex-not, pattern: core dump , result: True, matched at output line: 0"
+	b"It's a assert, flag: regex-not, pattern: stack trace , result: True, matched at output line: 1"
+	b"It's a assert, flag: scan, pattern: user define is not supported , result: False, matched at output line: 1"
+	Match End!, Compare Failed

2021-11-08 02:36:10 DEBUG stderr : 

2021-11-08 02:36:10 DEBUG Run time: 0.1, remain time: 3e+02
2021-11-08 02:36:10 ERROR Failed, return code 1 should be 0!
 Log file at: /home/zhujunhua/workspace/cangjie/utils/test-framework/test_temp/log/HLT/LLVM/AD/DiffType/Type/unit/diff_unit_def_02.cj_cangjie2llvmgc_test_cfg.log
