2021-11-08 02:55:18 DEBUG Log file at: /home/zhujunhua/workspace/cangjie/utils/test-framework/test_temp/log/HLT/LLVM/Generics/where/where_type_08.cj_cangjie2llvmgc_test_cfg.log
2021-11-08 02:55:18 DEBUG Work directory: /home/zhujunhua/workspace/cangjie/tests/HLT/temp_dir/HLT/LLVM/Generics/where/where_type_08_cj_cangjie2llvmgc_test_cfg_1636338486
2021-11-08 02:55:18 DEBUG execute cmd ===>>>: cjc -ulimit-error  where_type_08.cj  -o where_type_08.out
2021-11-08 02:55:18 DEBUG return code: 1
2021-11-08 02:55:18 DEBUG stdout : 

2021-11-08 02:55:18 DEBUG stderr : 
@	/home/zhujunhua/workspace/cangjie/tests/HLT/temp_dir/HLT/LLVM/Generics/where/where_type_08_cj_cangjie2llvmgc_test_cfg_1636338486/where_type_08.cj:12:27: [31merror[0m: expected expression here
@	   12 |    var a1 = Aoo<?Int32>((?Int32).Some(1))
@	      |                           [32m^[0m
@	/home/zhujunhua/workspace/cangjie/tests/HLT/temp_dir/HLT/LLVM/Generics/where/where_type_08_cj_cangjie2llvmgc_test_cfg_1636338486/where_type_08.cj:12:27: [31merror[0m: expected expression here
@	   12 |    var a1 = Aoo<?Int32>((?Int32).Some(1))
@	      |                           [32m^[0m
@	/home/zhujunhua/workspace/cangjie/tests/HLT/temp_dir/HLT/LLVM/Generics/where/where_type_08_cj_cangjie2llvmgc_test_cfg_1636338486/where_type_08.cj:12:27: [31merror[0m: expected ',' to separate or ')' to close
@	   12 |    var a1 = Aoo<?Int32>((?Int32).Some(1))
@	      |                           [32m^[0m
@	/home/zhujunhua/workspace/cangjie/tests/HLT/temp_dir/HLT/LLVM/Generics/where/where_type_08_cj_cangjie2llvmgc_test_cfg_1636338486/where_type_08.cj:12:25: [31merror[0m: undeclared identifier 'Some'
@	   12 |    var a1 = Aoo<?Int32>((?Int32).Some(1))
@	      |                         [32m^[0m
@	/home/zhujunhua/workspace/cangjie/tests/HLT/temp_dir/HLT/LLVM/Generics/where/where_type_08_cj_cangjie2llvmgc_test_cfg_1636338486/where_type_08.cj:12:13: [31merror[0m: parameters and arguments mismatch
@	   12 |    var a1 = Aoo<?Int32>((?Int32).Some(1))
@	      |             [32m^[0m
@	/home/zhujunhua/workspace/cangjie/tests/HLT/temp_dir/HLT/LLVM/Generics/where/where_type_08_cj_cangjie2llvmgc_test_cfg_1636338486/where_type_08.cj:12:13: [31merror[0m: no matching constructor for call 'Aoo'
@	   12 |    var a1 = Aoo<?Int32>((?Int32).Some(1))
@	      |             [32m^[0m
@	/home/zhujunhua/workspace/cangjie/tests/HLT/temp_dir/HLT/LLVM/Generics/where/where_type_08_cj_cangjie2llvmgc_test_cfg_1636338486/where_type_08.cj:13:16: [31merror[0m: undeclared identifier 'a'
@	   13 |    if ( match (a1.a) { case Some(x) => !true;case _ => !false} ){
@	      |                [32m^[0m
@	/home/zhujunhua/workspace/cangjie/tests/HLT/temp_dir/HLT/LLVM/Generics/where/where_type_08_cj_cangjie2llvmgc_test_cfg_1636338486/where_type_08.cj:13:29: [31merror[0m: enum pattern is not matched
@	   13 |    if ( match (a1.a) { case Some(x) => !true;case _ => !false} ){
@	      |                             [32m^[0m
@	/home/zhujunhua/workspace/cangjie/tests/HLT/temp_dir/HLT/LLVM/Generics/where/where_type_08_cj_cangjie2llvmgc_test_cfg_1636338486/where_type_08.cj:13:16: [31merror[0m: undeclared identifier 'a'
@	   13 |    if ( match (a1.a) { case Some(x) => !true;case _ => !false} ){
@	      |                [32m^[0m
@	/home/zhujunhua/workspace/cangjie/tests/HLT/temp_dir/HLT/LLVM/Generics/where/where_type_08_cj_cangjie2llvmgc_test_cfg_1636338486/where_type_08.cj:13:29: [31merror[0m: enum pattern is not matched
@	   13 |    if ( match (a1.a) { case Some(x) => !true;case _ => !false} ){
@	      |                             [32m^[0m
@	/home/zhujunhua/workspace/cangjie/tests/HLT/temp_dir/HLT/LLVM/Generics/where/where_type_08_cj_cangjie2llvmgc_test_cfg_1636338486/where_type_08.cj:13:9: [31merror[0m: expected an expression of type 'Bool', but got 'Invalid'
@	   13 |    if ( match (a1.a) { case Some(x) => !true;case _ => !false} ){
@	      |         [32m^[0m
@	/home/zhujunhua/workspace/cangjie/tests/HLT/temp_dir/HLT/LLVM/Generics/where/where_type_08_cj_cangjie2llvmgc_test_cfg_1636338486/where_type_08.cj:12:26: [31merror[0m: invalid expression initialization
@	   12 |    var a1 = Aoo<?Int32>((?Int32).Some(1))
@	      |                          [32m^[0m
@	12 errors generated

2021-11-08 02:55:18 DEBUG Run time: 0.56, remain time: 3e+02
2021-11-08 02:55:18 ERROR Failed, return code 1 should be 0!
 Log file at: /home/zhujunhua/workspace/cangjie/utils/test-framework/test_temp/log/HLT/LLVM/Generics/where/where_type_08.cj_cangjie2llvmgc_test_cfg.log
