2021-11-08 02:36:13 DEBUG Log file at: /home/zhujunhua/workspace/cangjie/utils/test-framework/test_temp/log/HLT/API/Math/math_rotate_02_expect.cj_cangjie2llvmgc_test_cfg.log
2021-11-08 02:36:13 DEBUG Work directory: /home/zhujunhua/workspace/cangjie/tests/HLT/temp_dir/HLT/API/Math/math_rotate_02_expect_cj_cangjie2llvmgc_test_cfg_1636338476
2021-11-08 02:36:13 DEBUG execute cmd ===>>>: cjc -backend llvm math_rotate_02_expect.cj caserunner.cj -o math_rotate_02_expect.out
2021-11-08 02:36:17 DEBUG return code: 0
2021-11-08 02:36:17 DEBUG stdout : 

2021-11-08 02:36:17 DEBUG stderr : 
@	/home/zhujunhua/workspace/cangjie/tests/HLT/temp_dir/HLT/API/Math/math_rotate_02_expect_cj_cangjie2llvmgc_test_cfg_1636338476/caserunner.cj:33:5: [33mwarning[0m: unhandled items after throw expr
@	   33 |     }
@	      |     [32m^[0m
@	/home/zhujunhua/workspace/cangjie/tests/HLT/temp_dir/HLT/API/Math/math_rotate_02_expect_cj_cangjie2llvmgc_test_cfg_1636338476/caserunner.cj:186:19: [33mwarning[0m: 'x' has been defined in the outside of match expression, are you sure using 'x' as a variable pattern here?
@	  186 |         case Some(x) => x
@	      |                   [32m^[0m
@	2 warnings generated

2021-11-08 02:36:17 DEBUG Run time: 4.1, remain time: 3e+02
2021-11-08 02:36:17 DEBUG execute cmd ===>>>:   math_rotate_02_expect.out  |  /usr/bin/python3 /home/zhujunhua/workspace/cangjie/utils/test-framework/maple_test/compare.py --comment=// math_rotate_02_expect.cj
2021-11-08 02:36:17 DEBUG return code: 1
2021-11-08 02:36:17 DEBUG stdout : 
+	compare.py input:
+		==============Test Case test case 1 Start==============
+		-------------Test Result------------------------------
+		PASS: 32
+		FAIL: 0
+		TOTAL: 32
+		==============Test End=================================
+		
+		==============Test Case test case 2 Start==============
+		-------------Test Result------------------------------
+		PASS: 32
+		FAIL: 0
+		TOTAL: 32
+		==============Test End=================================
+		
+		==============Test Case test case 3 Start==============
+		-------------Test Result------------------------------
+		PASS: 32
+		FAIL: 0
+		TOTAL: 32
+		==============Test End=================================
+		
+		==============Test Case test case 4 Start==============
+		AssertionError: test failed at 3 
+		AssertionError: test failed at 7 
+		AssertionError: test failed at 11 
+		AssertionError: test failed at 15 
+		AssertionError: test failed at 27 
+		AssertionError: test failed at 31 
+		-------------Test Result------------------------------
+		PASS: 26
+		FAIL: 6
+		TOTAL: 32
+		==============Test End=================================
+		
+	
+	compare.py input end
+	
+	Starting Compare:
+	b"It's a assert, flag: scan-not, pattern: AssertionError , result: False, matched at output line: 0"
+	Match End!, Compare Failed

2021-11-08 02:36:17 DEBUG stderr : 

2021-11-08 02:36:17 DEBUG Run time: 0.1, remain time: 3e+02
2021-11-08 02:36:17 ERROR Failed, return code 1 should be 0!
 Log file at: /home/zhujunhua/workspace/cangjie/utils/test-framework/test_temp/log/HLT/API/Math/math_rotate_02_expect.cj_cangjie2llvmgc_test_cfg.log
