2021-11-08 02:53:01 DEBUG Log file at: /home/zhujunhua/workspace/cangjie/utils/test-framework/test_temp/log/HLT/API/Math/math_leadingZeros_02_n.cj_cangjie2llvmgc_test_cfg.log
2021-11-08 02:53:01 DEBUG Work directory: /home/zhujunhua/workspace/cangjie/tests/HLT/temp_dir/HLT/API/Math/math_leadingZeros_02_n_cj_cangjie2llvmgc_test_cfg_1636338485
2021-11-08 02:53:01 DEBUG execute cmd ===>>>: cjc -backend llvm math_leadingZeros_02_n.cj caserunner.cj -o math_leadingZeros_02_n.out
2021-11-08 02:53:04 DEBUG return code: 0
2021-11-08 02:53:04 DEBUG stdout : 

2021-11-08 02:53:04 DEBUG stderr : 
@	/home/zhujunhua/workspace/cangjie/tests/HLT/temp_dir/HLT/API/Math/math_leadingZeros_02_n_cj_cangjie2llvmgc_test_cfg_1636338485/caserunner.cj:33:5: [33mwarning[0m: unhandled items after throw expr
@	   33 |     }
@	      |     [32m^[0m
@	/home/zhujunhua/workspace/cangjie/tests/HLT/temp_dir/HLT/API/Math/math_leadingZeros_02_n_cj_cangjie2llvmgc_test_cfg_1636338485/caserunner.cj:186:19: [33mwarning[0m: 'x' has been defined in the outside of match expression, are you sure using 'x' as a variable pattern here?
@	  186 |         case Some(x) => x
@	      |                   [32m^[0m
@	2 warnings generated

2021-11-08 02:53:04 DEBUG Run time: 2.4, remain time: 3e+02
2021-11-08 02:53:04 DEBUG execute cmd ===>>>:   math_leadingZeros_02_n.out  |  /usr/bin/python3 /home/zhujunhua/workspace/cangjie/utils/test-framework/maple_test/compare.py --comment=// math_leadingZeros_02_n.cj
2021-11-08 02:53:04 DEBUG return code: 1
2021-11-08 02:53:04 DEBUG stdout : 
+	compare.py input:
+		==============Test Case test case 1 Start==============
+		AssertionError: test failed at 12 
+		-------------Test Result------------------------------
+		PASS: 15
+		FAIL: 1
+		TOTAL: 16
+		==============Test End=================================
+		
+		64
+	
+	compare.py input end
+	
+	Starting Compare:
+	b"It's a assert, flag: scan-not, pattern: AssertionError , result: False, matched at output line: 0"
+	Match End!, Compare Failed

2021-11-08 02:53:04 DEBUG stderr : 

2021-11-08 02:53:04 DEBUG Run time: 0.096, remain time: 3e+02
2021-11-08 02:53:04 ERROR Failed, return code 1 should be 0!
 Log file at: /home/zhujunhua/workspace/cangjie/utils/test-framework/test_temp/log/HLT/API/Math/math_leadingZeros_02_n.cj_cangjie2llvmgc_test_cfg.log
