2021-11-08 01:50:19 DEBUG Log file at: /home/zhujunhua/workspace/cangjie/utils/test-framework/test_temp/log/HLT/LLVM/JS_FFI/03_mod_object/var_type_08/var_type_08.cj_cangjie2llvmgc_test_cfg.log
2021-11-08 01:50:19 DEBUG Work directory: /home/zhujunhua/workspace/cangjie/tests/HLT/temp_dir/HLT/LLVM/JS_FFI/03_mod_object/var_type_08/var_type_08_cj_cangjie2llvmgc_test_cfg_1636335523
2021-11-08 01:50:19 DEBUG execute cmd ===>>>: cjc -ulimit-error var_type_08.cj -o var_type_08..out
2021-11-08 01:50:19 DEBUG return code: 1
2021-11-08 01:50:19 DEBUG stdout : 

2021-11-08 01:50:19 DEBUG stderr : 
@	/home/zhujunhua/workspace/cangjie/tests/HLT/temp_dir/HLT/LLVM/JS_FFI/03_mod_object/var_type_08/var_type_08_cj_cangjie2llvmgc_test_cfg_1636335523/var_type_08.cj:23:16: [31merror[0m: native function can only have CType args.
@	   23 |   func fromNow(obj:Complex) : object8
@	      |                [32m^[0m
@	/home/zhujunhua/workspace/cangjie/tests/HLT/temp_dir/HLT/LLVM/JS_FFI/03_mod_object/var_type_08/var_type_08_cj_cangjie2llvmgc_test_cfg_1636335523/var_type_08.cj:23:31: [31merror[0m: native function can only have CType return.
@	   23 |   func fromNow(obj:Complex) : object8
@	      |                               [32m^[0m
@	/home/zhujunhua/workspace/cangjie/tests/HLT/temp_dir/HLT/LLVM/JS_FFI/03_mod_object/var_type_08/var_type_08_cj_cangjie2llvmgc_test_cfg_1636335523/var_type_08.cj:27:26: [31merror[0m: native function can only have CType return.
@	   27 | foreign func moment1() : Moment
@	      |                          [32m^[0m
@	/home/zhujunhua/workspace/cangjie/tests/HLT/temp_dir/HLT/LLVM/JS_FFI/03_mod_object/var_type_08/var_type_08_cj_cangjie2llvmgc_test_cfg_1636335523/var_type_08.cj:35:15: [31merror[0m: unsafe function or native function should be invoked in unsafe context.
@	   35 |     let res = moment1().fromNow(Complex(
@	      |               [32m^[0m
@	/home/zhujunhua/workspace/cangjie/tests/HLT/temp_dir/HLT/LLVM/JS_FFI/03_mod_object/var_type_08/var_type_08_cj_cangjie2llvmgc_test_cfg_1636335523/var_type_08.cj:35:15: [31merror[0m: unsafe function or native function should be invoked in unsafe context.
@	   35 |     let res = moment1().fromNow(Complex(
@	      |               [32m^[0m
@	5 errors generated

2021-11-08 01:50:19 DEBUG Run time: 0.58, remain time: 3e+02
2021-11-08 01:50:19 ERROR Failed, return code 1 should be 0!
 Log file at: /home/zhujunhua/workspace/cangjie/utils/test-framework/test_temp/log/HLT/LLVM/JS_FFI/03_mod_object/var_type_08/var_type_08.cj_cangjie2llvmgc_test_cfg.log
