2021-11-08 02:28:56 DEBUG Log file at: /home/zhujunhua/workspace/cangjie/utils/test-framework/test_temp/log/HLT/LLVM/Extend/property/extend_type_prop_2902.cj_cangjie2llvmgc_test_cfg.log
2021-11-08 02:28:56 DEBUG Work directory: /home/zhujunhua/workspace/cangjie/tests/HLT/temp_dir/HLT/LLVM/Extend/property/extend_type_prop_2902_cj_cangjie2llvmgc_test_cfg_1636338471
2021-11-08 02:28:56 DEBUG execute cmd ===>>>: cjc -ulimit-error extend_type_prop_2902.cj  -o extend_type_prop_2902.out 2>&1 
2021-11-08 02:28:56 DEBUG return code: 1
2021-11-08 02:28:56 DEBUG stdout : 
+	/home/zhujunhua/workspace/cangjie/tests/HLT/temp_dir/HLT/LLVM/Extend/property/extend_type_prop_2902_cj_cangjie2llvmgc_test_cfg_1636338471/extend_type_prop_2902.cj:4:17: [31merror[0m: expected '('expression')' after type to make an array literal
+	    4 |     Array<Int32>.ms = 10
+	      |                 [32m^[0m
+	/home/zhujunhua/workspace/cangjie/tests/HLT/temp_dir/HLT/LLVM/Extend/property/extend_type_prop_2902_cj_cangjie2llvmgc_test_cfg_1636338471/extend_type_prop_2902.cj:4:17: [31merror[0m: illegal left value
+	    4 |     Array<Int32>.ms = 10
+	      |                 [32m^[0m
+	2 errors generated

2021-11-08 02:28:56 DEBUG stderr : 

2021-11-08 02:28:56 DEBUG Run time: 0.39, remain time: 3e+02
2021-11-08 02:28:56 DEBUG execute cmd ===>>>:   /usr/bin/python3 /home/zhujunhua/workspace/cangjie/utils/test-framework/maple_test/compare.py --comment=// extend_type_prop_2902.cj
2021-11-08 02:28:56 DEBUG return code: 1
2021-11-08 02:28:56 DEBUG stdout : 
+	compare.py input:
+		/home/zhujunhua/workspace/cangjie/tests/HLT/temp_dir/HLT/LLVM/Extend/property/extend_type_prop_2902_cj_cangjie2llvmgc_test_cfg_1636338471/extend_type_prop_2902.cj:4:17: [31merror[0m: expected '('expression')' after type to make an array literal
+		    4 |     Array<Int32>.ms = 10
+		      |                 [32m^[0m
+		/home/zhujunhua/workspace/cangjie/tests/HLT/temp_dir/HLT/LLVM/Extend/property/extend_type_prop_2902_cj_cangjie2llvmgc_test_cfg_1636338471/extend_type_prop_2902.cj:4:17: [31merror[0m: illegal left value
+		    4 |     Array<Int32>.ms = 10
+		      |                 [32m^[0m
+		2 errors generated
+	
+	compare.py input end
+	
+	Starting Compare:
+	b'flag: regex, pattern: \\:9\\:.*\\:.*error.*there can not be property which has setter in immutable type , result: False, matched at output line: 0'
+	Match End!, Compare Failed

2021-11-08 02:28:56 DEBUG stderr : 

2021-11-08 02:28:56 DEBUG Run time: 0.097, remain time: 3e+02
2021-11-08 02:28:56 ERROR Failed, return code 1 should be 0!
 Log file at: /home/zhujunhua/workspace/cangjie/utils/test-framework/test_temp/log/HLT/LLVM/Extend/property/extend_type_prop_2902.cj_cangjie2llvmgc_test_cfg.log
