2021-11-08 02:29:30 DEBUG Log file at: /home/zhujunhua/workspace/cangjie/utils/test-framework/test_temp/log/HLT/Regression/External/I480UO.cj_cangjie2llvmgc_test_cfg.log
2021-11-08 02:29:30 DEBUG Work directory: /home/zhujunhua/workspace/cangjie/tests/HLT/temp_dir/HLT/Regression/External/I480UO_cj_cangjie2llvmgc_test_cfg_1636338472
2021-11-08 02:29:30 DEBUG execute cmd ===>>>: cjc -ulimit-error I480UO.cj -backend-options=" -lcangjie-json" -o I480UO.out
2021-11-08 02:29:31 DEBUG return code: 1
2021-11-08 02:29:31 DEBUG stdout : 

2021-11-08 02:29:31 DEBUG stderr : 
@	/home/zhujunhua/workspace/cangjie/tests/HLT/temp_dir/HLT/Regression/External/I480UO_cj_cangjie2llvmgc_test_cfg_1636338472/I480UO.cj:9:12: [31merror[0m: undeclared identifier 'serialize'
@	    9 |     return obj.serialize().toJson().toString()
@	      |            [32m^[0m
@	/home/zhujunhua/workspace/cangjie/tests/HLT/temp_dir/HLT/Regression/External/I480UO_cj_cangjie2llvmgc_test_cfg_1636338472/I480UO.cj:9:12: [31merror[0m: undeclared identifier 'toJson'
@	    9 |     return obj.serialize().toJson().toString()
@	      |            [32m^[0m
@	/home/zhujunhua/workspace/cangjie/tests/HLT/temp_dir/HLT/Regression/External/I480UO_cj_cangjie2llvmgc_test_cfg_1636338472/I480UO.cj:9:12: [31merror[0m: undeclared identifier 'toString'
@	    9 |     return obj.serialize().toJson().toString()
@	      |            [32m^[0m
@	/home/zhujunhua/workspace/cangjie/tests/HLT/temp_dir/HLT/Regression/External/I480UO_cj_cangjie2llvmgc_test_cfg_1636338472/I480UO.cj:9:5: [31merror[0m: type of return expression is incompatible with return type
@	    9 |     return obj.serialize().toJson().toString()
@	      |     [32m^[0m
@	/home/zhujunhua/workspace/cangjie/tests/HLT/temp_dir/HLT/Regression/External/I480UO_cj_cangjie2llvmgc_test_cfg_1636338472/I480UO.cj:8:36: [31merror[0m: type of function body is incompatible with return type
@	    8 | func serialize<T>(obj: Array<T>) : String where T <: Serializable<T> {
@	      |                                    [32m^[0m
@	/home/zhujunhua/workspace/cangjie/tests/HLT/temp_dir/HLT/Regression/External/I480UO_cj_cangjie2llvmgc_test_cfg_1636338472/I480UO.cj:9:12: [31merror[0m: undeclared identifier 'serialize'
@	    9 |     return obj.serialize().toJson().toString()
@	      |            [32m^[0m
@	/home/zhujunhua/workspace/cangjie/tests/HLT/temp_dir/HLT/Regression/External/I480UO_cj_cangjie2llvmgc_test_cfg_1636338472/I480UO.cj:9:12: [31merror[0m: undeclared identifier 'toJson'
@	    9 |     return obj.serialize().toJson().toString()
@	      |            [32m^[0m
@	/home/zhujunhua/workspace/cangjie/tests/HLT/temp_dir/HLT/Regression/External/I480UO_cj_cangjie2llvmgc_test_cfg_1636338472/I480UO.cj:9:12: [31merror[0m: undeclared identifier 'toString'
@	    9 |     return obj.serialize().toJson().toString()
@	      |            [32m^[0m
@	/home/zhujunhua/workspace/cangjie/tests/HLT/temp_dir/HLT/Regression/External/I480UO_cj_cangjie2llvmgc_test_cfg_1636338472/I480UO.cj:9:5: [31merror[0m: type of return expression is incompatible with return type
@	    9 |     return obj.serialize().toJson().toString()
@	      |     [32m^[0m
@	/home/zhujunhua/workspace/cangjie/tests/HLT/temp_dir/HLT/Regression/External/I480UO_cj_cangjie2llvmgc_test_cfg_1636338472/I480UO.cj:8:36: [31merror[0m: type of function body is incompatible with return type
@	    8 | func serialize<T>(obj: Array<T>) : String where T <: Serializable<T> {
@	      |                                    [32m^[0m
@	/home/zhujunhua/workspace/cangjie/tests/HLT/temp_dir/HLT/Regression/External/I480UO_cj_cangjie2llvmgc_test_cfg_1636338472/I480UO.cj:13:11: [31merror[0m: no matching function declaration for function call 'serialize'
@	   13 |     print(serialize(Array<String>()))
@	      |           [32m^[0m
@	/home/zhujunhua/workspace/cangjie/tests/HLT/temp_dir/HLT/Regression/External/I480UO_cj_cangjie2llvmgc_test_cfg_1636338472/I480UO.cj:13:5: [31merror[0m: no matching function declaration for function call 'print'
@	   13 |     print(serialize(Array<String>()))
@	      |     [32m^[0m
@	core/core/Print.cj:121:15: [33mnote[0m: found possible candidate
@	core/core/Print.cj:117:15: [33mnote[0m: found possible candidate
@	core/core/Print.cj:113:15: [33mnote[0m: found possible candidate
@	core/core/Print.cj:109:15: [33mnote[0m: found possible candidate
@	core/core/Print.cj:105:15: [33mnote[0m: found possible candidate
@	core/core/Print.cj:101:15: [33mnote[0m: found possible candidate
@	core/core/Print.cj:97:15: [33mnote[0m: found possible candidate
@	core/core/Print.cj:93:15: [33mnote[0m: found possible candidate
@	core/core/Print.cj:80:15: [33mnote[0m: found possible candidate
@	core/core/Print.cj:72:15: [33mnote[0m: found possible candidate
@	core/core/Print.cj:64:15: [33mnote[0m: found possible candidate
@	core/core/Print.cj:53:15: [33mnote[0m: found possible candidate
@	core/core/Print.cj:42:15: [33mnote[0m: found possible candidate
@	core/core/Print.cj:22:15: [33mnote[0m: found possible candidate
@	core/core/Print.cj:10:15: [33mnote[0m: found possible candidate
@	/home/zhujunhua/workspace/cangjie/tests/HLT/temp_dir/HLT/Regression/External/I480UO_cj_cangjie2llvmgc_test_cfg_1636338472/I480UO.cj:14:11: [31merror[0m: no matching function declaration for function call 'serialize'
@	   14 |     print(serialize(Array<Int64>()))
@	      |           [32m^[0m
@	/home/zhujunhua/workspace/cangjie/tests/HLT/temp_dir/HLT/Regression/External/I480UO_cj_cangjie2llvmgc_test_cfg_1636338472/I480UO.cj:14:5: [31merror[0m: no matching function declaration for function call 'print'
@	   14 |     print(serialize(Array<Int64>()))
@	      |     [32m^[0m
@	core/core/Print.cj:121:15: [33mnote[0m: found possible candidate
@	core/core/Print.cj:117:15: [33mnote[0m: found possible candidate
@	core/core/Print.cj:113:15: [33mnote[0m: found possible candidate
@	core/core/Print.cj:109:15: [33mnote[0m: found possible candidate
@	core/core/Print.cj:105:15: [33mnote[0m: found possible candidate
@	core/core/Print.cj:101:15: [33mnote[0m: found possible candidate
@	core/core/Print.cj:97:15: [33mnote[0m: found possible candidate
@	core/core/Print.cj:93:15: [33mnote[0m: found possible candidate
@	core/core/Print.cj:80:15: [33mnote[0m: found possible candidate
@	core/core/Print.cj:72:15: [33mnote[0m: found possible candidate
@	core/core/Print.cj:64:15: [33mnote[0m: found possible candidate
@	core/core/Print.cj:53:15: [33mnote[0m: found possible candidate
@	core/core/Print.cj:42:15: [33mnote[0m: found possible candidate
@	core/core/Print.cj:22:15: [33mnote[0m: found possible candidate
@	core/core/Print.cj:10:15: [33mnote[0m: found possible candidate
@	14 errors generated

2021-11-08 02:29:31 DEBUG Run time: 0.69, remain time: 3e+02
2021-11-08 02:29:31 ERROR Failed, return code 1 should be 0!
 Log file at: /home/zhujunhua/workspace/cangjie/utils/test-framework/test_temp/log/HLT/Regression/External/I480UO.cj_cangjie2llvmgc_test_cfg.log
