2021-11-08 01:41:17 DEBUG Log file at: /home/zhujunhua/workspace/cangjie/utils/test-framework/test_temp/log/HLT/LLVM/JS_FFI/05_jsRename/nested_02/nested_02.cj_cangjie2llvmgc_test_cfg.log
2021-11-08 01:41:17 DEBUG Work directory: /home/zhujunhua/workspace/cangjie/tests/HLT/temp_dir/HLT/LLVM/JS_FFI/05_jsRename/nested_02/nested_02_cj_cangjie2llvmgc_test_cfg_1636335518
2021-11-08 01:41:17 DEBUG execute cmd ===>>>: cjc -ulimit-error nested_02.cj -o nested_02..out
2021-11-08 01:41:17 DEBUG return code: 1
2021-11-08 01:41:17 DEBUG stdout : 

2021-11-08 01:41:17 DEBUG stderr : 
@	/home/zhujunhua/workspace/cangjie/tests/HLT/temp_dir/HLT/LLVM/JS_FFI/05_jsRename/nested_02/nested_02_cj_cangjie2llvmgc_test_cfg_1636335518/nested_02.cj:19:23: [31merror[0m: native function can only have CType args.
@	   19 | foreign func nested02(obj:B) : String
@	      |                       [32m^[0m
@	/home/zhujunhua/workspace/cangjie/tests/HLT/temp_dir/HLT/LLVM/JS_FFI/05_jsRename/nested_02/nested_02_cj_cangjie2llvmgc_test_cfg_1636335518/nested_02.cj:19:32: [31merror[0m: native function can only have CType return.
@	   19 | foreign func nested02(obj:B) : String
@	      |                                [32m^[0m
@	2 errors generated

2021-11-08 01:41:17 DEBUG Run time: 0.45, remain time: 3e+02
2021-11-08 01:41:17 ERROR Failed, return code 1 should be 0!
 Log file at: /home/zhujunhua/workspace/cangjie/utils/test-framework/test_temp/log/HLT/LLVM/JS_FFI/05_jsRename/nested_02/nested_02.cj_cangjie2llvmgc_test_cfg.log
