2021-11-08 02:28:42 DEBUG Log file at: /home/zhujunhua/workspace/cangjie/utils/test-framework/test_temp/log/HLT/LLVM/Class/Class/GenericClass/class_generic_extends_18.cj_cangjie2llvmgc_test_cfg.log
2021-11-08 02:28:42 DEBUG Work directory: /home/zhujunhua/workspace/cangjie/tests/HLT/temp_dir/HLT/LLVM/Class/Class/GenericClass/class_generic_extends_18_cj_cangjie2llvmgc_test_cfg_1636338471
2021-11-08 02:28:42 DEBUG execute cmd ===>>>: cjc -ulimit-error class_generic_extends_18.cj -o class_generic_extends_18.out
2021-11-08 02:28:43 DEBUG return code: 1
2021-11-08 02:28:43 DEBUG stdout : 

2021-11-08 02:28:43 DEBUG stderr : 
@	/home/zhujunhua/workspace/cangjie/tests/HLT/temp_dir/HLT/LLVM/Class/Class/GenericClass/class_generic_extends_18_cj_cangjie2llvmgc_test_cfg_1636338471/class_generic_extends_18.cj:12:5: [31merror[0m: there is no non-parameter constructor in super class, please invoke super call explicitly
@	   12 |     init(input:T){}
@	      |     [32m^[0m
@	/home/zhujunhua/workspace/cangjie/tests/HLT/temp_dir/HLT/LLVM/Class/Class/GenericClass/class_generic_extends_18_cj_cangjie2llvmgc_test_cfg_1636338471/class_generic_extends_18.cj:6:5: [31merror[0m: non-static generic member function 'foo' is not supported
@	    6 |     func foo<V>(x: V, y: V): V{
@	      |     [32m^[0m
@	/home/zhujunhua/workspace/cangjie/tests/HLT/temp_dir/HLT/LLVM/Class/Class/GenericClass/class_generic_extends_18_cj_cangjie2llvmgc_test_cfg_1636338471/class_generic_extends_18.cj:13:5: [31merror[0m: non-static generic member function 'foo' is not supported
@	   13 |     func foo<U>(x: U, y: U, z: U): U{
@	      |     [32m^[0m
@	/home/zhujunhua/workspace/cangjie/tests/HLT/temp_dir/HLT/LLVM/Class/Class/GenericClass/class_generic_extends_18_cj_cangjie2llvmgc_test_cfg_1636338471/class_generic_extends_18.cj:19:29: [31merror[0m: missing argument for call with parameter list: (Generics-T)
@	   19 |     var data: Data<Int32> = Data<Int32>()
@	      |                             [32m^[0m
@	/home/zhujunhua/workspace/cangjie/tests/HLT/temp_dir/HLT/LLVM/Class/Class/GenericClass/class_generic_extends_18_cj_cangjie2llvmgc_test_cfg_1636338471/class_generic_extends_18.cj:12:5: [33mnote[0m: found candidate
@	   12 |     init(input:T){}
@	      |     [32m^[0m
@	/home/zhujunhua/workspace/cangjie/tests/HLT/temp_dir/HLT/LLVM/Class/Class/GenericClass/class_generic_extends_18_cj_cangjie2llvmgc_test_cfg_1636338471/class_generic_extends_18.cj:19:29: [31merror[0m: no matching constructor for call 'Data'
@	   19 |     var data: Data<Int32> = Data<Int32>()
@	      |                             [32m^[0m
@	/home/zhujunhua/workspace/cangjie/tests/HLT/temp_dir/HLT/LLVM/Class/Class/GenericClass/class_generic_extends_18_cj_cangjie2llvmgc_test_cfg_1636338471/class_generic_extends_18.cj:19:15: [31merror[0m: initializer's type is incompatible with variable declaration 'data' 
@	   19 |     var data: Data<Int32> = Data<Int32>()
@	      |               [32m^[0m
@	6 errors generated

2021-11-08 02:28:43 DEBUG Run time: 0.39, remain time: 3e+02
2021-11-08 02:28:43 ERROR Failed, return code 1 should be 0!
 Log file at: /home/zhujunhua/workspace/cangjie/utils/test-framework/test_temp/log/HLT/LLVM/Class/Class/GenericClass/class_generic_extends_18.cj_cangjie2llvmgc_test_cfg.log
