2021-11-08 02:58:15 DEBUG Log file at: /home/zhujunhua/workspace/cangjie/utils/test-framework/test_temp/log/HLT/LLVM/Class/Class/GenericClass/class_generic_extends_16.cj_cangjie2llvmgc_test_cfg.log
2021-11-08 02:58:15 DEBUG Work directory: /home/zhujunhua/workspace/cangjie/tests/HLT/temp_dir/HLT/LLVM/Class/Class/GenericClass/class_generic_extends_16_cj_cangjie2llvmgc_test_cfg_1636338488
2021-11-08 02:58:15 DEBUG execute cmd ===>>>: cjc -ulimit-error class_generic_extends_16.cj -o class_generic_extends_16.out
2021-11-08 02:58:15 DEBUG return code: 1
2021-11-08 02:58:15 DEBUG stdout : 

2021-11-08 02:58:15 DEBUG stderr : 
@	/home/zhujunhua/workspace/cangjie/tests/HLT/temp_dir/HLT/LLVM/Class/Class/GenericClass/class_generic_extends_16_cj_cangjie2llvmgc_test_cfg_1636338488/class_generic_extends_16.cj:16:5: [31merror[0m: there is no non-parameter constructor in super class, please invoke super call explicitly
@	   16 |     init(x: U, y:U){
@	      |     [32m^[0m
@	/home/zhujunhua/workspace/cangjie/tests/HLT/temp_dir/HLT/LLVM/Class/Class/GenericClass/class_generic_extends_16_cj_cangjie2llvmgc_test_cfg_1636338488/class_generic_extends_16.cj:25:10: [31merror[0m: open generic function is not allowed in class
@	   25 |     open func foo<V>(x: V, y: V): Father<V>{
@	      |          [32m^[0m
@	/home/zhujunhua/workspace/cangjie/tests/HLT/temp_dir/HLT/LLVM/Class/Class/GenericClass/class_generic_extends_16_cj_cangjie2llvmgc_test_cfg_1636338488/class_generic_extends_16.cj:31:5: [31merror[0m: there is no non-parameter constructor in super class, please invoke super call explicitly
@	   31 |     init(x: T){}
@	      |     [32m^[0m
@	/home/zhujunhua/workspace/cangjie/tests/HLT/temp_dir/HLT/LLVM/Class/Class/GenericClass/class_generic_extends_16_cj_cangjie2llvmgc_test_cfg_1636338488/class_generic_extends_16.cj:25:10: [31merror[0m: non-static generic member function 'foo' is not supported
@	   25 |     open func foo<V>(x: V, y: V): Father<V>{
@	      |          [32m^[0m
@	/home/zhujunhua/workspace/cangjie/tests/HLT/temp_dir/HLT/LLVM/Class/Class/GenericClass/class_generic_extends_16_cj_cangjie2llvmgc_test_cfg_1636338488/class_generic_extends_16.cj:32:14: [31merror[0m: non-static generic member function 'foo' is not supported
@	   32 |     override func foo<U>(x: U, y:U): Child<U>{
@	      |              [32m^[0m
@	/home/zhujunhua/workspace/cangjie/tests/HLT/temp_dir/HLT/LLVM/Class/Class/GenericClass/class_generic_extends_16_cj_cangjie2llvmgc_test_cfg_1636338488/class_generic_extends_16.cj:32:14: [31merror[0m: The return type of the override/redefine/implement function must be the same as or a subtype of the overridden/redefined/implemented function
@	   32 |     override func foo<U>(x: U, y:U): Child<U>{
@	      |              [32m^[0m
@	/home/zhujunhua/workspace/cangjie/tests/HLT/temp_dir/HLT/LLVM/Class/Class/GenericClass/class_generic_extends_16_cj_cangjie2llvmgc_test_cfg_1636338488/class_generic_extends_16.cj:32:14: [31merror[0m: return type of 'foo' is not identical or not a subtype of the overridden/redefined function
@	   32 |     override func foo<U>(x: U, y:U): Child<U>{
@	      |              [32m^[0m
@	/home/zhujunhua/workspace/cangjie/tests/HLT/temp_dir/HLT/LLVM/Class/Class/GenericClass/class_generic_extends_16_cj_cangjie2llvmgc_test_cfg_1636338488/class_generic_extends_16.cj:32:14: [31merror[0m: override function 'foo' does not have an overridden function
@	   32 |     override func foo<U>(x: U, y:U): Child<U>{
@	      |              [32m^[0m
@	/home/zhujunhua/workspace/cangjie/tests/HLT/temp_dir/HLT/LLVM/Class/Class/GenericClass/class_generic_extends_16_cj_cangjie2llvmgc_test_cfg_1636338488/class_generic_extends_16.cj:38:29: [31merror[0m: missing argument for call with parameter list: (Generics-T)
@	   38 |     var data: Data<Int32> = Data<Int32>()
@	      |                             [32m^[0m
@	/home/zhujunhua/workspace/cangjie/tests/HLT/temp_dir/HLT/LLVM/Class/Class/GenericClass/class_generic_extends_16_cj_cangjie2llvmgc_test_cfg_1636338488/class_generic_extends_16.cj:31:5: [33mnote[0m: found candidate
@	   31 |     init(x: T){}
@	      |     [32m^[0m
@	/home/zhujunhua/workspace/cangjie/tests/HLT/temp_dir/HLT/LLVM/Class/Class/GenericClass/class_generic_extends_16_cj_cangjie2llvmgc_test_cfg_1636338488/class_generic_extends_16.cj:38:29: [31merror[0m: no matching constructor for call 'Data'
@	   38 |     var data: Data<Int32> = Data<Int32>()
@	      |                             [32m^[0m
@	/home/zhujunhua/workspace/cangjie/tests/HLT/temp_dir/HLT/LLVM/Class/Class/GenericClass/class_generic_extends_16_cj_cangjie2llvmgc_test_cfg_1636338488/class_generic_extends_16.cj:38:15: [31merror[0m: initializer's type is incompatible with variable declaration 'data' 
@	   38 |     var data: Data<Int32> = Data<Int32>()
@	      |               [32m^[0m
@	/home/zhujunhua/workspace/cangjie/tests/HLT/temp_dir/HLT/LLVM/Class/Class/GenericClass/class_generic_extends_16_cj_cangjie2llvmgc_test_cfg_1636338488/class_generic_extends_16.cj:39:14: [31merror[0m: generic type should be used with type argument
@	   39 |     var res: Child = data.foo<Int32>(3, 4)
@	      |              [32m^[0m
@	/home/zhujunhua/workspace/cangjie/tests/HLT/temp_dir/HLT/LLVM/Class/Class/GenericClass/class_generic_extends_16_cj_cangjie2llvmgc_test_cfg_1636338488/class_generic_extends_16.cj:39:22: [31merror[0m: return type for 'foo' is mismatched
@	   39 |     var res: Child = data.foo<Int32>(3, 4)
@	      |                      [32m^[0m
@	/home/zhujunhua/workspace/cangjie/tests/HLT/temp_dir/HLT/LLVM/Class/Class/GenericClass/class_generic_extends_16_cj_cangjie2llvmgc_test_cfg_1636338488/class_generic_extends_16.cj:39:22: [31merror[0m: no matching function declaration for function call 'foo'
@	   39 |     var res: Child = data.foo<Int32>(3, 4)
@	      |                      [32m^[0m
@	/home/zhujunhua/workspace/cangjie/tests/HLT/temp_dir/HLT/LLVM/Class/Class/GenericClass/class_generic_extends_16_cj_cangjie2llvmgc_test_cfg_1636338488/class_generic_extends_16.cj:32:19: [33mnote[0m: found possible candidate
@	   32 |     override func foo<U>(x: U, y:U): Child<U>{
@	      |                   [32m^[0m
@	/home/zhujunhua/workspace/cangjie/tests/HLT/temp_dir/HLT/LLVM/Class/Class/GenericClass/class_generic_extends_16_cj_cangjie2llvmgc_test_cfg_1636338488/class_generic_extends_16.cj:25:15: [33mnote[0m: found possible candidate
@	   25 |     open func foo<V>(x: V, y: V): Father<V>{
@	      |               [32m^[0m
@	/home/zhujunhua/workspace/cangjie/tests/HLT/temp_dir/HLT/LLVM/Class/Class/GenericClass/class_generic_extends_16_cj_cangjie2llvmgc_test_cfg_1636338488/class_generic_extends_16.cj:39:14: [31merror[0m: initializer's type is incompatible with variable declaration 'res' 
@	   39 |     var res: Child = data.foo<Int32>(3, 4)
@	      |              [32m^[0m
@	/home/zhujunhua/workspace/cangjie/tests/HLT/temp_dir/HLT/LLVM/Class/Class/GenericClass/class_generic_extends_16_cj_cangjie2llvmgc_test_cfg_1636338488/class_generic_extends_16.cj:40:23: [31merror[0m: undeclared identifier 'c'
@	   40 |     var res1: Int32 = res.c
@	      |                       [32m^[0m
@	/home/zhujunhua/workspace/cangjie/tests/HLT/temp_dir/HLT/LLVM/Class/Class/GenericClass/class_generic_extends_16_cj_cangjie2llvmgc_test_cfg_1636338488/class_generic_extends_16.cj:40:23: [31merror[0m: undeclared identifier 'c'
@	   40 |     var res1: Int32 = res.c
@	      |                       [32m^[0m
@	/home/zhujunhua/workspace/cangjie/tests/HLT/temp_dir/HLT/LLVM/Class/Class/GenericClass/class_generic_extends_16_cj_cangjie2llvmgc_test_cfg_1636338488/class_generic_extends_16.cj:40:15: [31merror[0m: initializer's type is incompatible with variable declaration 'res1' 
@	   40 |     var res1: Int32 = res.c
@	      |               [32m^[0m
@	/home/zhujunhua/workspace/cangjie/tests/HLT/temp_dir/HLT/LLVM/Class/Class/GenericClass/class_generic_extends_16_cj_cangjie2llvmgc_test_cfg_1636338488/class_generic_extends_16.cj:41:23: [31merror[0m: undeclared identifier 'd'
@	   41 |     var res2: Int32 = res.d
@	      |                       [32m^[0m
@	/home/zhujunhua/workspace/cangjie/tests/HLT/temp_dir/HLT/LLVM/Class/Class/GenericClass/class_generic_extends_16_cj_cangjie2llvmgc_test_cfg_1636338488/class_generic_extends_16.cj:41:23: [31merror[0m: undeclared identifier 'd'
@	   41 |     var res2: Int32 = res.d
@	      |                       [32m^[0m
@	/home/zhujunhua/workspace/cangjie/tests/HLT/temp_dir/HLT/LLVM/Class/Class/GenericClass/class_generic_extends_16_cj_cangjie2llvmgc_test_cfg_1636338488/class_generic_extends_16.cj:41:15: [31merror[0m: initializer's type is incompatible with variable declaration 'res2' 
@	   41 |     var res2: Int32 = res.d
@	      |               [32m^[0m
@	21 errors generated

2021-11-08 02:58:15 DEBUG Run time: 0.65, remain time: 3e+02
2021-11-08 02:58:15 ERROR Failed, return code 1 should be 0!
 Log file at: /home/zhujunhua/workspace/cangjie/utils/test-framework/test_temp/log/HLT/LLVM/Class/Class/GenericClass/class_generic_extends_16.cj_cangjie2llvmgc_test_cfg.log
