2021-11-08 02:56:45 DEBUG Log file at: /home/zhujunhua/workspace/cangjie/utils/test-framework/test_temp/log/HLT/LLVM/Class/Class/GenericClass/class_generic_constructor_09.cj_cangjie2llvmgc_test_cfg.log
2021-11-08 02:56:45 DEBUG Work directory: /home/zhujunhua/workspace/cangjie/tests/HLT/temp_dir/HLT/LLVM/Class/Class/GenericClass/class_generic_constructor_09_cj_cangjie2llvmgc_test_cfg_1636338487
2021-11-08 02:56:45 DEBUG execute cmd ===>>>: cjc -ulimit-error class_generic_constructor_09.cj -o class_generic_constructor_09.out
2021-11-08 02:56:46 DEBUG return code: 1
2021-11-08 02:56:46 DEBUG stdout : 

2021-11-08 02:56:46 DEBUG stderr : 
@	/home/zhujunhua/workspace/cangjie/tests/HLT/temp_dir/HLT/LLVM/Class/Class/GenericClass/class_generic_constructor_09_cj_cangjie2llvmgc_test_cfg_1636338487/class_generic_constructor_09.cj:14:5: [31merror[0m: there is no non-parameter constructor in super class, please invoke super call explicitly
@	   14 |     init(input: T){
@	      |     [32m^[0m
@	/home/zhujunhua/workspace/cangjie/tests/HLT/temp_dir/HLT/LLVM/Class/Class/GenericClass/class_generic_constructor_09_cj_cangjie2llvmgc_test_cfg_1636338487/class_generic_constructor_09.cj:18:5: [31merror[0m: non-static generic member function 'getNum' is not supported
@	   18 |     func getNum<V>(x: V): V{
@	      |     [32m^[0m
@	/home/zhujunhua/workspace/cangjie/tests/HLT/temp_dir/HLT/LLVM/Class/Class/GenericClass/class_generic_constructor_09_cj_cangjie2llvmgc_test_cfg_1636338487/class_generic_constructor_09.cj:16:13: [31merror[0m: 'getNum' is not allowed to be accessed before all member variables are initialized
@	   16 |         g = this.getNum<Int32>(3)
@	      |             [32m^[0m
@	3 errors generated

2021-11-08 02:56:46 DEBUG Run time: 0.55, remain time: 3e+02
2021-11-08 02:56:46 ERROR Failed, return code 1 should be 0!
 Log file at: /home/zhujunhua/workspace/cangjie/utils/test-framework/test_temp/log/HLT/LLVM/Class/Class/GenericClass/class_generic_constructor_09.cj_cangjie2llvmgc_test_cfg.log
