2021-11-08 02:28:56 DEBUG Log file at: /home/zhujunhua/workspace/cangjie/utils/test-framework/test_temp/log/HLT/LLVM/AD/API/stopGradient/stop_gradient_35.cj_cangjie2llvmgc_test_cfg.log
2021-11-08 02:28:56 DEBUG Work directory: /home/zhujunhua/workspace/cangjie/tests/HLT/temp_dir/HLT/LLVM/AD/API/stopGradient/stop_gradient_35_cj_cangjie2llvmgc_test_cfg_1636338471
2021-11-08 02:28:56 DEBUG execute cmd ===>>>: cjc -enable-ad -ulimit-error stop_gradient_35.cj -o stop_gradient_35.out 2>&1 
2021-11-08 02:28:57 DEBUG return code: 1
2021-11-08 02:28:57 DEBUG stdout : 
+	[31merror[0m: /home/zhujunhua/workspace/cangjie/tests/HLT/temp_dir/HLT/LLVM/AD/API/stopGradient/stop_gradient_35_cj_cangjie2llvmgc_test_cfg_1636338471/stop_gradient_35.cj:6:35: error: match expression is not supported in differentiable function
+	[31merror[0m: /home/zhujunhua/workspace/cangjie/tests/HLT/temp_dir/HLT/LLVM/AD/API/stopGradient/stop_gradient_35_cj_cangjie2llvmgc_test_cfg_1636338471/stop_gradient_35.cj:5:28: error: expect a non-empty body

2021-11-08 02:28:57 DEBUG stderr : 

2021-11-08 02:28:57 DEBUG Run time: 0.4, remain time: 3e+02
2021-11-08 02:28:57 DEBUG execute cmd ===>>>:   /usr/bin/python3 /home/zhujunhua/workspace/cangjie/utils/test-framework/maple_test/compare.py --comment=// stop_gradient_35.cj
2021-11-08 02:28:57 DEBUG return code: 1
2021-11-08 02:28:57 DEBUG stdout : 
+	compare.py input:
+		[31merror[0m: /home/zhujunhua/workspace/cangjie/tests/HLT/temp_dir/HLT/LLVM/AD/API/stopGradient/stop_gradient_35_cj_cangjie2llvmgc_test_cfg_1636338471/stop_gradient_35.cj:6:35: error: match expression is not supported in differentiable function
+		[31merror[0m: /home/zhujunhua/workspace/cangjie/tests/HLT/temp_dir/HLT/LLVM/AD/API/stopGradient/stop_gradient_35_cj_cangjie2llvmgc_test_cfg_1636338471/stop_gradient_35.cj:5:28: error: expect a non-empty body
+	
+	compare.py input end
+	
+	Starting Compare:
+	b"It's a assert, flag: scan, pattern: xxx , result: False, matched at output line: 0"
+	Match End!, Compare Failed

2021-11-08 02:28:57 DEBUG stderr : 

2021-11-08 02:28:57 DEBUG Run time: 0.11, remain time: 3e+02
2021-11-08 02:28:57 ERROR Failed, return code 1 should be 0!
 Log file at: /home/zhujunhua/workspace/cangjie/utils/test-framework/test_temp/log/HLT/LLVM/AD/API/stopGradient/stop_gradient_35.cj_cangjie2llvmgc_test_cfg.log
