2021-11-08 02:02:14 DEBUG Log file at: /home/zhujunhua/workspace/cangjie/utils/test-framework/test_temp/log/HLT/LLVM/Expressions/Arithmetic_Operators/OverFlow/overflow_07n.cj_cangjie2llvmgc_test_cfg.log
2021-11-08 02:02:14 DEBUG Work directory: /home/zhujunhua/workspace/cangjie/tests/HLT/temp_dir/HLT/LLVM/Expressions/Arithmetic_Operators/OverFlow/overflow_07n_cj_cangjie2llvmgc_test_cfg_1636335529
2021-11-08 02:02:14 DEBUG execute cmd ===>>>: cjc -ulimit-error overflow_07n.cj -o overflow_07n.out 2>&1 | /usr/bin/python3 /home/zhujunhua/workspace/cangjie/utils/test-framework/maple_test/compare.py --comment=// overflow_07n.cj
2021-11-08 02:02:14 DEBUG return code: 1
2021-11-08 02:02:14 DEBUG stdout : 
+	compare.py input:
+		/home/zhujunhua/workspace/cangjie/tests/HLT/temp_dir/HLT/LLVM/Expressions/Arithmetic_Operators/OverFlow/overflow_07n_cj_cangjie2llvmgc_test_cfg_1636335529/overflow_07n.cj:22:5: [31merror[0m: variable 'a' can not be declared in interface
+		   22 |     let a: Int32 = 2147483649     //EXPECTED: regex  the number '2147483649' exceeds the value range of type 'Int32'
+		      |     [32m^[0m
+		/home/zhujunhua/workspace/cangjie/tests/HLT/temp_dir/HLT/LLVM/Expressions/Arithmetic_Operators/OverFlow/overflow_07n_cj_cangjie2llvmgc_test_cfg_1636335529/overflow_07n.cj:23:5: [31merror[0m: variable 'b' can not be declared in interface
+		   23 |     let b: Float16 = 1.8976_9313_486231570E308  //EXPECTED: regex the number '1.8976_9313_486231570E308' exceeds the value range of type 'Float16'
+		      |     [32m^[0m
+		/home/zhujunhua/workspace/cangjie/tests/HLT/temp_dir/HLT/LLVM/Expressions/Arithmetic_Operators/OverFlow/overflow_07n_cj_cangjie2llvmgc_test_cfg_1636335529/overflow_07n.cj:6:19: [31merror[0m: the number '128' exceeds the value range of type 'Int8'
+		    6 |     var a: Int8 = 128  //EXPECTED: regex the number '128' exceeds the value range of type 'Int8'
+		      |                   [32m^[0m
+		/home/zhujunhua/workspace/cangjie/tests/HLT/temp_dir/HLT/LLVM/Expressions/Arithmetic_Operators/OverFlow/overflow_07n_cj_cangjie2llvmgc_test_cfg_1636335529/overflow_07n.cj:9:9: [31merror[0m: type incompatible in this assignment
+		    9 |         this.a=this.b
+		      |         [32m^[0m
+		/home/zhujunhua/workspace/cangjie/tests/HLT/temp_dir/HLT/LLVM/Expressions/Arithmetic_Operators/OverFlow/overflow_07n_cj_cangjie2llvmgc_test_cfg_1636335529/overflow_07n.cj:14:20: [31merror[0m: the number '-32769' exceeds the value range of type 'Int16'
+		   14 |     var a: Int16 = -32769      //EXPECTED: regex the number '-32769' exceeds the value range of type 'Int16'
+		      |                    [32m^[0m
+		/home/zhujunhua/workspace/cangjie/tests/HLT/temp_dir/HLT/LLVM/Expressions/Arithmetic_Operators/OverFlow/overflow_07n_cj_cangjie2llvmgc_test_cfg_1636335529/overflow_07n.cj:22:20: [31merror[0m: the number '2147483649' exceeds the value range of type 'Int32'
+		   22 |     let a: Int32 = 2147483649     //EXPECTED: regex  the number '2147483649' exceeds the value range of type 'Int32'
+		      |                    [32m^[0m
+		/home/zhujunhua/workspace/cangjie/tests/HLT/temp_dir/HLT/LLVM/Expressions/Arithmetic_Operators/OverFlow/overflow_07n_cj_cangjie2llvmgc_test_cfg_1636335529/overflow_07n.cj:29:5: [31merror[0m: function 'b' cannot be accessed by interface name 'I'
+		   29 |     I.b
+		      |     [32m^[0m
+		7 errors generated
+	
+	compare.py input end
+	
+	Starting Compare:
+	b"It's a assert, flag: regex-not, pattern: core dump , result: True, matched at output line: 0"
+	b"It's a assert, flag: regex-not, pattern: stack trace , result: True, matched at output line: 1"
+	b"flag: regex, pattern: \\:6\\:.*\\:.*the number '128' exceeds the value range of type 'Int8' , result: True, matched at output line: 1"
+	b"flag: regex, pattern: \\:7\\:.*\\:.*the number '1.8976_9313_486231570E308' exceeds the value range of type 'Float64' , result: False, matched at output line: 7"
+	Match End!, Compare Failed
+	b"flag: regex, pattern: \\:14\\:.*\\:.*the number '-32769' exceeds the value range of type 'Int16' , result: True, matched at output line: 0"
+	b"flag: regex, pattern: \\:15\\:.*\\:.*the number '1.8976_9313_486231570E308' exceeds the value range of type 'Float32' , result: False, matched at output line: 13"
+	Match End!, Compare Failed
+	b"flag: regex, pattern: \\:22\\:.*\\:.* the number '2147483649' exceeds the value range of type 'Int32' , result: True, matched at output line: 0"
+	b"flag: regex, pattern: \\:23\\:.*\\:.*the number '1.8976_9313_486231570E308' exceeds the value range of type 'Float16' , result: False, matched at output line: 16"
+	Match End!, Compare Failed

2021-11-08 02:02:14 DEBUG stderr : 

2021-11-08 02:02:14 DEBUG Run time: 0.41, remain time: 3e+02
2021-11-08 02:02:14 ERROR Failed, return code 1 should be 0!
 Log file at: /home/zhujunhua/workspace/cangjie/utils/test-framework/test_temp/log/HLT/LLVM/Expressions/Arithmetic_Operators/OverFlow/overflow_07n.cj_cangjie2llvmgc_test_cfg.log
