2021-11-08 01:49:39 DEBUG Log file at: /home/zhujunhua/workspace/cangjie/utils/test-framework/test_temp/log/HLT/LLVM/JS_FFI/05_jsRename/var_type_10/var_type_10.cj_cangjie2llvmgc_test_cfg.log
2021-11-08 01:49:39 DEBUG Work directory: /home/zhujunhua/workspace/cangjie/tests/HLT/temp_dir/HLT/LLVM/JS_FFI/05_jsRename/var_type_10/var_type_10_cj_cangjie2llvmgc_test_cfg_1636335523
2021-11-08 01:49:39 DEBUG execute cmd ===>>>: cjc -ulimit-error var_type_10.cj -o var_type_10..out
2021-11-08 01:49:40 DEBUG return code: 1
2021-11-08 01:49:40 DEBUG stdout : 

2021-11-08 01:49:40 DEBUG stderr : 
@	/home/zhujunhua/workspace/cangjie/tests/HLT/temp_dir/HLT/LLVM/JS_FFI/05_jsRename/var_type_10/var_type_10_cj_cangjie2llvmgc_test_cfg_1636335523/var_type_10.cj:37:24: [31merror[0m: native function can only have CType args.
@	   37 | foreign func varType10(obj:Complex) : Float64*Int64
@	      |                        [32m^[0m
@	/home/zhujunhua/workspace/cangjie/tests/HLT/temp_dir/HLT/LLVM/JS_FFI/05_jsRename/var_type_10/var_type_10_cj_cangjie2llvmgc_test_cfg_1636335523/var_type_10.cj:37:39: [31merror[0m: native function can only have CType return.
@	   37 | foreign func varType10(obj:Complex) : Float64*Int64
@	      |                                       [32m^[0m
@	2 errors generated

2021-11-08 01:49:40 DEBUG Run time: 0.55, remain time: 3e+02
2021-11-08 01:49:40 ERROR Failed, return code 1 should be 0!
 Log file at: /home/zhujunhua/workspace/cangjie/utils/test-framework/test_temp/log/HLT/LLVM/JS_FFI/05_jsRename/var_type_10/var_type_10.cj_cangjie2llvmgc_test_cfg.log
