2021-11-08 02:31:06 DEBUG Log file at: /home/zhujunhua/workspace/cangjie/utils/test-framework/test_temp/log/HLT/LLVM/TypesAndVariables/PrimitiveTypes/IntNative/intnative_type_0502.cj_cangjie2llvmgc_test_cfg.log
2021-11-08 02:31:06 DEBUG Work directory: /home/zhujunhua/workspace/cangjie/tests/HLT/temp_dir/HLT/LLVM/TypesAndVariables/PrimitiveTypes/IntNative/intnative_type_0502_cj_cangjie2llvmgc_test_cfg_1636338473
2021-11-08 02:31:06 DEBUG execute cmd ===>>>: cjc -ulimit-error  intnative_type_0502.cj  -o intnative_type_0502.out
2021-11-08 02:31:06 DEBUG return code: 1
2021-11-08 02:31:06 DEBUG stdout : 

2021-11-08 02:31:06 DEBUG stderr : 
@	/home/zhujunhua/workspace/cangjie/tests/HLT/temp_dir/HLT/LLVM/TypesAndVariables/PrimitiveTypes/IntNative/intnative_type_0502_cj_cangjie2llvmgc_test_cfg_1636338473/intnative_type_0502.cj:5:31: [31merror[0m: expected expression here
@	    5 |     var set: Set<IntNative> = #{1, 2, 3}
@	      |                               [32m^[0m
@	/home/zhujunhua/workspace/cangjie/tests/HLT/temp_dir/HLT/LLVM/TypesAndVariables/PrimitiveTypes/IntNative/intnative_type_0502_cj_cangjie2llvmgc_test_cfg_1636338473/intnative_type_0502.cj:5:31: [31merror[0m: expected newline or ';' between expression or declaration
@	    5 |     var set: Set<IntNative> = #{1, 2, 3}
@	      |                               [32m^[0m
@	/home/zhujunhua/workspace/cangjie/tests/HLT/temp_dir/HLT/LLVM/TypesAndVariables/PrimitiveTypes/IntNative/intnative_type_0502_cj_cangjie2llvmgc_test_cfg_1636338473/intnative_type_0502.cj:6:33: [31merror[0m: expected expression here
@	    6 |     var set2: Set<UIntNative> = #{1, 2, 3}
@	      |                                 [32m^[0m
@	/home/zhujunhua/workspace/cangjie/tests/HLT/temp_dir/HLT/LLVM/TypesAndVariables/PrimitiveTypes/IntNative/intnative_type_0502_cj_cangjie2llvmgc_test_cfg_1636338473/intnative_type_0502.cj:6:33: [31merror[0m: expected newline or ';' between expression or declaration
@	    6 |     var set2: Set<UIntNative> = #{1, 2, 3}
@	      |                                 [32m^[0m
@	/home/zhujunhua/workspace/cangjie/tests/HLT/temp_dir/HLT/LLVM/TypesAndVariables/PrimitiveTypes/IntNative/intnative_type_0502_cj_cangjie2llvmgc_test_cfg_1636338473/intnative_type_0502.cj:5:14: [31merror[0m: undeclared type name 'Set'
@	    5 |     var set: Set<IntNative> = #{1, 2, 3}
@	      |              [32m^[0m
@	/home/zhujunhua/workspace/cangjie/tests/HLT/temp_dir/HLT/LLVM/TypesAndVariables/PrimitiveTypes/IntNative/intnative_type_0502_cj_cangjie2llvmgc_test_cfg_1636338473/intnative_type_0502.cj:6:15: [31merror[0m: undeclared type name 'Set'
@	    6 |     var set2: Set<UIntNative> = #{1, 2, 3}
@	      |               [32m^[0m
@	/home/zhujunhua/workspace/cangjie/tests/HLT/temp_dir/HLT/LLVM/TypesAndVariables/PrimitiveTypes/IntNative/intnative_type_0502_cj_cangjie2llvmgc_test_cfg_1636338473/intnative_type_0502.cj:5:14: [31merror[0m: initializer's type is incompatible with variable declaration 'set' 
@	    5 |     var set: Set<IntNative> = #{1, 2, 3}
@	      |              [32m^[0m
@	/home/zhujunhua/workspace/cangjie/tests/HLT/temp_dir/HLT/LLVM/TypesAndVariables/PrimitiveTypes/IntNative/intnative_type_0502_cj_cangjie2llvmgc_test_cfg_1636338473/intnative_type_0502.cj:6:15: [31merror[0m: initializer's type is incompatible with variable declaration 'set2' 
@	    6 |     var set2: Set<UIntNative> = #{1, 2, 3}
@	      |               [32m^[0m
@	/home/zhujunhua/workspace/cangjie/tests/HLT/temp_dir/HLT/LLVM/TypesAndVariables/PrimitiveTypes/IntNative/intnative_type_0502_cj_cangjie2llvmgc_test_cfg_1636338473/intnative_type_0502.cj:7:9: [31merror[0m: undeclared identifier 'isEmpty'
@	    7 |     if (set.isEmpty()) {
@	      |         [32m^[0m
@	/home/zhujunhua/workspace/cangjie/tests/HLT/temp_dir/HLT/LLVM/TypesAndVariables/PrimitiveTypes/IntNative/intnative_type_0502_cj_cangjie2llvmgc_test_cfg_1636338473/intnative_type_0502.cj:7:9: [31merror[0m: undeclared identifier 'isEmpty'
@	    7 |     if (set.isEmpty()) {
@	      |         [32m^[0m
@	/home/zhujunhua/workspace/cangjie/tests/HLT/temp_dir/HLT/LLVM/TypesAndVariables/PrimitiveTypes/IntNative/intnative_type_0502_cj_cangjie2llvmgc_test_cfg_1636338473/intnative_type_0502.cj:7:9: [31merror[0m: expected an expression of type 'Bool', but got 'Invalid'
@	    7 |     if (set.isEmpty()) {
@	      |         [32m^[0m
@	/home/zhujunhua/workspace/cangjie/tests/HLT/temp_dir/HLT/LLVM/TypesAndVariables/PrimitiveTypes/IntNative/intnative_type_0502_cj_cangjie2llvmgc_test_cfg_1636338473/intnative_type_0502.cj:10:9: [31merror[0m: undeclared identifier 'isEmpty'
@	   10 |     if (set2.isEmpty()) {
@	      |         [32m^[0m
@	/home/zhujunhua/workspace/cangjie/tests/HLT/temp_dir/HLT/LLVM/TypesAndVariables/PrimitiveTypes/IntNative/intnative_type_0502_cj_cangjie2llvmgc_test_cfg_1636338473/intnative_type_0502.cj:10:9: [31merror[0m: undeclared identifier 'isEmpty'
@	   10 |     if (set2.isEmpty()) {
@	      |         [32m^[0m
@	/home/zhujunhua/workspace/cangjie/tests/HLT/temp_dir/HLT/LLVM/TypesAndVariables/PrimitiveTypes/IntNative/intnative_type_0502_cj_cangjie2llvmgc_test_cfg_1636338473/intnative_type_0502.cj:10:9: [31merror[0m: expected an expression of type 'Bool', but got 'Invalid'
@	   10 |     if (set2.isEmpty()) {
@	      |         [32m^[0m
@	/home/zhujunhua/workspace/cangjie/tests/HLT/temp_dir/HLT/LLVM/TypesAndVariables/PrimitiveTypes/IntNative/intnative_type_0502_cj_cangjie2llvmgc_test_cfg_1636338473/intnative_type_0502.cj:5:31: [31merror[0m: invalid expression initialization
@	    5 |     var set: Set<IntNative> = #{1, 2, 3}
@	      |                               [32m^[0m
@	/home/zhujunhua/workspace/cangjie/tests/HLT/temp_dir/HLT/LLVM/TypesAndVariables/PrimitiveTypes/IntNative/intnative_type_0502_cj_cangjie2llvmgc_test_cfg_1636338473/intnative_type_0502.cj:6:33: [31merror[0m: invalid expression initialization
@	    6 |     var set2: Set<UIntNative> = #{1, 2, 3}
@	      |                                 [32m^[0m
@	16 errors generated

2021-11-08 02:31:06 DEBUG Run time: 0.35, remain time: 3e+02
2021-11-08 02:31:06 ERROR Failed, return code 1 should be 0!
 Log file at: /home/zhujunhua/workspace/cangjie/utils/test-framework/test_temp/log/HLT/LLVM/TypesAndVariables/PrimitiveTypes/IntNative/intnative_type_0502.cj_cangjie2llvmgc_test_cfg.log
